

Started GET "/" for 127.0.0.1 at 2015-02-03 21:43:26 -0800
  [1m[36mActiveRecord::SchemaMigration Load (0.5ms)[0m  [1mSELECT "schema_migrations".* FROM "schema_migrations"[0m
Processing by StaticPagesController#home as HTML
  [1m[35mUser Load (1.2ms)[0m  SELECT "users".* FROM "users" WHERE "users"."session_token" = 'ZbtgMKM6tWyegVxH0iNnOONNq3a4rkL_ZFAyXam7yms' LIMIT 1
  Rendered static_pages/home.html.erb within layouts/application (1.4ms)
Completed 500 Internal Server Error in 97ms

Sass::SyntaxError - File to import not found or unreadable: foundation.
Load paths:
  /Users/scottnelson/Desktop/Redly/app/assets/images
  /Users/scottnelson/Desktop/Redly/app/assets/javascripts
  /Users/scottnelson/Desktop/Redly/app/assets/stylesheets
  /Users/scottnelson/Desktop/Redly/vendor/assets/javascripts
  /Users/scottnelson/Desktop/Redly/vendor/assets/stylesheets
  /Users/scottnelson/.rbenv/versions/2.1.2/lib/ruby/gems/2.1.0/gems/turbolinks-2.5.3/lib/assets/javascripts
  /Users/scottnelson/.rbenv/versions/2.1.2/lib/ruby/gems/2.1.0/gems/jquery-rails-3.1.2/vendor/assets/javascripts
  /Users/scottnelson/.rbenv/versions/2.1.2/lib/ruby/gems/2.1.0/gems/backbone-on-rails-1.1.1.0/vendor/assets/javascripts
  (in /Users/scottnelson/Desktop/Redly/app/assets/stylesheets/foundation_and_overrides.scss:1327):
  sass (3.2.19) lib/sass/tree/import_node.rb:67:in `rescue in import'
  sass (3.2.19) lib/sass/tree/import_node.rb:45:in `import'
  sass (3.2.19) lib/sass/tree/import_node.rb:28:in `imported_file'
  sass (3.2.19) lib/sass/tree/import_node.rb:37:in `css_import?'
  sass (3.2.19) lib/sass/tree/visitors/perform.rb:217:in `visit_import'
  sass (3.2.19) lib/sass/tree/visitors/base.rb:37:in `visit'
  sass (3.2.19) lib/sass/tree/visitors/perform.rb:100:in `visit'
  sass (3.2.19) lib/sass/tree/visitors/base.rb:53:in `block in visit_children'
  sass (3.2.19) lib/sass/tree/visitors/base.rb:53:in `visit_children'
  sass (3.2.19) lib/sass/tree/visitors/perform.rb:109:in `block in visit_children'
  sass (3.2.19) lib/sass/tree/visitors/perform.rb:121:in `with_environment'
  sass (3.2.19) lib/sass/tree/visitors/perform.rb:108:in `visit_children'
  sass (3.2.19) lib/sass/tree/visitors/base.rb:37:in `block in visit'
  sass (3.2.19) lib/sass/tree/visitors/perform.rb:128:in `visit_root'
  sass (3.2.19) lib/sass/tree/visitors/base.rb:37:in `visit'
  sass (3.2.19) lib/sass/tree/visitors/perform.rb:100:in `visit'
  sass (3.2.19) lib/sass/tree/visitors/perform.rb:7:in `visit'
  sass (3.2.19) lib/sass/tree/root_node.rb:20:in `render'
  sass (3.2.19) lib/sass/engine.rb:315:in `_render'
  sass (3.2.19) lib/sass/engine.rb:262:in `render'
  sass-rails (4.0.5) lib/sass/rails/template.rb:22:in `evaluate'
  tilt (1.4.1) lib/tilt/template.rb:103:in `render'
  sprockets (2.12.3) lib/sprockets/context.rb:197:in `block in evaluate'
  sprockets (2.12.3) lib/sprockets/context.rb:194:in `evaluate'
  sprockets (2.12.3) lib/sprockets/processed_asset.rb:12:in `initialize'
  sprockets (2.12.3) lib/sprockets/base.rb:374:in `block in build_asset'
  sprockets (2.12.3) lib/sprockets/base.rb:395:in `circular_call_protection'
  sprockets (2.12.3) lib/sprockets/base.rb:373:in `build_asset'
  sprockets (2.12.3) lib/sprockets/index.rb:94:in `block in build_asset'
  sprockets (2.12.3) lib/sprockets/caching.rb:58:in `cache_asset'
  sprockets (2.12.3) lib/sprockets/index.rb:93:in `build_asset'
  sprockets (2.12.3) lib/sprockets/base.rb:287:in `find_asset'
  sprockets (2.12.3) lib/sprockets/index.rb:61:in `find_asset'
  sprockets (2.12.3) lib/sprockets/processed_asset.rb:111:in `block in resolve_dependencies'
  sprockets (2.12.3) lib/sprockets/processed_asset.rb:105:in `resolve_dependencies'
  sprockets (2.12.3) lib/sprockets/processed_asset.rb:97:in `build_required_assets'
  sprockets (2.12.3) lib/sprockets/processed_asset.rb:16:in `initialize'
  sprockets (2.12.3) lib/sprockets/base.rb:374:in `block in build_asset'
  sprockets (2.12.3) lib/sprockets/base.rb:395:in `circular_call_protection'
  sprockets (2.12.3) lib/sprockets/base.rb:373:in `build_asset'
  sprockets (2.12.3) lib/sprockets/index.rb:94:in `block in build_asset'
  sprockets (2.12.3) lib/sprockets/caching.rb:58:in `cache_asset'
  sprockets (2.12.3) lib/sprockets/index.rb:93:in `build_asset'
  sprockets (2.12.3) lib/sprockets/base.rb:287:in `find_asset'
  sprockets (2.12.3) lib/sprockets/index.rb:61:in `find_asset'
  sprockets (2.12.3) lib/sprockets/bundled_asset.rb:16:in `initialize'
  sprockets (2.12.3) lib/sprockets/base.rb:377:in `build_asset'
  sprockets (2.12.3) lib/sprockets/index.rb:94:in `block in build_asset'
  sprockets (2.12.3) lib/sprockets/caching.rb:58:in `cache_asset'
  sprockets (2.12.3) lib/sprockets/index.rb:93:in `build_asset'
  sprockets (2.12.3) lib/sprockets/base.rb:287:in `find_asset'
  sprockets (2.12.3) lib/sprockets/index.rb:61:in `find_asset'
  sprockets (2.12.3) lib/sprockets/environment.rb:75:in `find_asset'
  sprockets (2.12.3) lib/sprockets/base.rb:295:in `[]'
  sprockets-rails (2.0.1) lib/sprockets/rails/helper.rb:144:in `lookup_asset_for_path'
  sprockets-rails (2.0.1) lib/sprockets/rails/helper.rb:113:in `block in stylesheet_link_tag'
  sprockets-rails (2.0.1) lib/sprockets/rails/helper.rb:112:in `stylesheet_link_tag'
  app/views/layouts/application.html.erb:19:in `_app_views_layouts_application_html_erb___467892049858319644_70339545109480'
  actionpack (4.0.2) lib/action_view/template.rb:143:in `block in render'
  activesupport (4.0.2) lib/active_support/notifications.rb:159:in `block in instrument'
  activesupport (4.0.2) lib/active_support/notifications/instrumenter.rb:20:in `instrument'
  activesupport (4.0.2) lib/active_support/notifications.rb:159:in `instrument'
  actionpack (4.0.2) lib/action_view/template.rb:141:in `render'
  actionpack (4.0.2) lib/action_view/renderer/template_renderer.rb:61:in `render_with_layout'
  actionpack (4.0.2) lib/action_view/renderer/template_renderer.rb:47:in `render_template'
  actionpack (4.0.2) lib/action_view/renderer/template_renderer.rb:17:in `render'
  actionpack (4.0.2) lib/action_view/renderer/renderer.rb:42:in `render_template'
  actionpack (4.0.2) lib/action_view/renderer/renderer.rb:23:in `render'
  actionpack (4.0.2) lib/abstract_controller/rendering.rb:127:in `_render_template'
  actionpack (4.0.2) lib/action_controller/metal/streaming.rb:219:in `_render_template'
  actionpack (4.0.2) lib/abstract_controller/rendering.rb:120:in `render_to_body'
  actionpack (4.0.2) lib/action_controller/metal/rendering.rb:33:in `render_to_body'
  actionpack (4.0.2) lib/action_controller/metal/renderers.rb:26:in `render_to_body'
  actionpack (4.0.2) lib/abstract_controller/rendering.rb:97:in `render'
  actionpack (4.0.2) lib/action_controller/metal/rendering.rb:16:in `render'
  actionpack (4.0.2) lib/action_controller/metal/instrumentation.rb:41:in `block (2 levels) in render'
  activesupport (4.0.2) lib/active_support/core_ext/benchmark.rb:12:in `block in ms'
  /Users/scottnelson/.rbenv/versions/2.1.2/lib/ruby/2.1.0/benchmark.rb:294:in `realtime'
  activesupport (4.0.2) lib/active_support/core_ext/benchmark.rb:12:in `ms'
  actionpack (4.0.2) lib/action_controller/metal/instrumentation.rb:41:in `block in render'
  actionpack (4.0.2) lib/action_controller/metal/instrumentation.rb:84:in `cleanup_view_runtime'
  activerecord (4.0.2) lib/active_record/railties/controller_runtime.rb:25:in `cleanup_view_runtime'
  actionpack (4.0.2) lib/action_controller/metal/instrumentation.rb:40:in `render'
  actionpack (4.0.2) lib/action_controller/metal/implicit_render.rb:10:in `default_render'
  actionpack (4.0.2) lib/action_controller/metal/implicit_render.rb:5:in `send_action'
  actionpack (4.0.2) lib/abstract_controller/base.rb:189:in `process_action'
  actionpack (4.0.2) lib/action_controller/metal/rendering.rb:10:in `process_action'
  actionpack (4.0.2) lib/abstract_controller/callbacks.rb:18:in `block in process_action'
  activesupport (4.0.2) lib/active_support/callbacks.rb:413:in `_run__197922264998151711__process_action__callbacks'
  activesupport (4.0.2) lib/active_support/callbacks.rb:80:in `run_callbacks'
  actionpack (4.0.2) lib/abstract_controller/callbacks.rb:17:in `process_action'
  actionpack (4.0.2) lib/action_controller/metal/rescue.rb:29:in `process_action'
  actionpack (4.0.2) lib/action_controller/metal/instrumentation.rb:31:in `block in process_action'
  activesupport (4.0.2) lib/active_support/notifications.rb:159:in `block in instrument'
  activesupport (4.0.2) lib/active_support/notifications/instrumenter.rb:20:in `instrument'
  activesupport (4.0.2) lib/active_support/notifications.rb:159:in `instrument'
  actionpack (4.0.2) lib/action_controller/metal/instrumentation.rb:30:in `process_action'
  actionpack (4.0.2) lib/action_controller/metal/params_wrapper.rb:245:in `process_action'
  activerecord (4.0.2) lib/active_record/railties/controller_runtime.rb:18:in `process_action'
  actionpack (4.0.2) lib/abstract_controller/base.rb:136:in `process'
  actionpack (4.0.2) lib/abstract_controller/rendering.rb:44:in `process'
  actionpack (4.0.2) lib/action_controller/metal.rb:195:in `dispatch'
  actionpack (4.0.2) lib/action_controller/metal/rack_delegation.rb:13:in `dispatch'
  actionpack (4.0.2) lib/action_controller/metal.rb:231:in `block in action'
  actionpack (4.0.2) lib/action_dispatch/routing/route_set.rb:80:in `dispatch'
  actionpack (4.0.2) lib/action_dispatch/routing/route_set.rb:48:in `call'
  actionpack (4.0.2) lib/action_dispatch/journey/router.rb:71:in `block in call'
  actionpack (4.0.2) lib/action_dispatch/journey/router.rb:59:in `call'
  actionpack (4.0.2) lib/action_dispatch/routing/route_set.rb:680:in `call'
  newrelic_rpm (3.9.9.275) lib/new_relic/agent/instrumentation/middleware_tracing.rb:57:in `call'
  newrelic_rpm (3.9.9.275) lib/new_relic/rack/agent_hooks.rb:30:in `traced_call'
  newrelic_rpm (3.9.9.275) lib/new_relic/agent/instrumentation/middleware_tracing.rb:55:in `call'
  newrelic_rpm (3.9.9.275) lib/new_relic/rack/browser_monitoring.rb:23:in `traced_call'
  newrelic_rpm (3.9.9.275) lib/new_relic/agent/instrumentation/middleware_tracing.rb:55:in `call'
  rack (1.5.2) lib/rack/etag.rb:23:in `call'
  newrelic_rpm (3.9.9.275) lib/new_relic/agent/instrumentation/middleware_tracing.rb:57:in `call'
  rack (1.5.2) lib/rack/conditionalget.rb:25:in `call'
  newrelic_rpm (3.9.9.275) lib/new_relic/agent/instrumentation/middleware_tracing.rb:57:in `call'
  rack (1.5.2) lib/rack/head.rb:11:in `call'
  newrelic_rpm (3.9.9.275) lib/new_relic/agent/instrumentation/middleware_tracing.rb:57:in `call'
  actionpack (4.0.2) lib/action_dispatch/middleware/params_parser.rb:27:in `call'
  newrelic_rpm (3.9.9.275) lib/new_relic/agent/instrumentation/middleware_tracing.rb:57:in `call'
  actionpack (4.0.2) lib/action_dispatch/middleware/flash.rb:241:in `call'
  newrelic_rpm (3.9.9.275) lib/new_relic/agent/instrumentation/middleware_tracing.rb:57:in `call'
  rack (1.5.2) lib/rack/session/abstract/id.rb:225:in `context'
  rack (1.5.2) lib/rack/session/abstract/id.rb:220:in `call'
  newrelic_rpm (3.9.9.275) lib/new_relic/agent/instrumentation/middleware_tracing.rb:57:in `call'
  actionpack (4.0.2) lib/action_dispatch/middleware/cookies.rb:486:in `call'
  newrelic_rpm (3.9.9.275) lib/new_relic/agent/instrumentation/middleware_tracing.rb:57:in `call'
  activerecord (4.0.2) lib/active_record/query_cache.rb:36:in `call'
  newrelic_rpm (3.9.9.275) lib/new_relic/agent/instrumentation/middleware_tracing.rb:57:in `call'
  activerecord (4.0.2) lib/active_record/connection_adapters/abstract/connection_pool.rb:626:in `call'
  newrelic_rpm (3.9.9.275) lib/new_relic/agent/instrumentation/middleware_tracing.rb:57:in `call'
  activerecord (4.0.2) lib/active_record/migration.rb:369:in `call'
  newrelic_rpm (3.9.9.275) lib/new_relic/agent/instrumentation/middleware_tracing.rb:57:in `call'
  actionpack (4.0.2) lib/action_dispatch/middleware/callbacks.rb:29:in `block in call'
  activesupport (4.0.2) lib/active_support/callbacks.rb:373:in `_run__3275516708155692101__call__callbacks'
  activesupport (4.0.2) lib/active_support/callbacks.rb:80:in `run_callbacks'
  actionpack (4.0.2) lib/action_dispatch/middleware/callbacks.rb:27:in `call'
  newrelic_rpm (3.9.9.275) lib/new_relic/agent/instrumentation/middleware_tracing.rb:57:in `call'
  actionpack (4.0.2) lib/action_dispatch/middleware/reloader.rb:64:in `call'
  newrelic_rpm (3.9.9.275) lib/new_relic/agent/instrumentation/middleware_tracing.rb:57:in `call'
  actionpack (4.0.2) lib/action_dispatch/middleware/remote_ip.rb:76:in `call'
  newrelic_rpm (3.9.9.275) lib/new_relic/agent/instrumentation/middleware_tracing.rb:57:in `call'
  better_errors (1.1.0) lib/better_errors/middleware.rb:84:in `protected_app_call'
  better_errors (1.1.0) lib/better_errors/middleware.rb:79:in `better_errors_call'
  better_errors (1.1.0) lib/better_errors/middleware.rb:56:in `call'
  newrelic_rpm (3.9.9.275) lib/new_relic/agent/instrumentation/middleware_tracing.rb:57:in `call'
  actionpack (4.0.2) lib/action_dispatch/middleware/debug_exceptions.rb:17:in `call'
  newrelic_rpm (3.9.9.275) lib/new_relic/agent/instrumentation/middleware_tracing.rb:57:in `call'
  actionpack (4.0.2) lib/action_dispatch/middleware/show_exceptions.rb:30:in `call'
  newrelic_rpm (3.9.9.275) lib/new_relic/agent/instrumentation/middleware_tracing.rb:57:in `call'
  railties (4.0.2) lib/rails/rack/logger.rb:38:in `call_app'
  railties (4.0.2) lib/rails/rack/logger.rb:20:in `block in call'
  activesupport (4.0.2) lib/active_support/tagged_logging.rb:67:in `block in tagged'
  activesupport (4.0.2) lib/active_support/tagged_logging.rb:25:in `tagged'
  activesupport (4.0.2) lib/active_support/tagged_logging.rb:67:in `tagged'
  railties (4.0.2) lib/rails/rack/logger.rb:20:in `call'
  newrelic_rpm (3.9.9.275) lib/new_relic/agent/instrumentation/middleware_tracing.rb:57:in `call'
  actionpack (4.0.2) lib/action_dispatch/middleware/request_id.rb:21:in `call'
  newrelic_rpm (3.9.9.275) lib/new_relic/agent/instrumentation/middleware_tracing.rb:57:in `call'
  rack (1.5.2) lib/rack/methodoverride.rb:21:in `call'
  newrelic_rpm (3.9.9.275) lib/new_relic/agent/instrumentation/middleware_tracing.rb:57:in `call'
  rack (1.5.2) lib/rack/runtime.rb:17:in `call'
  newrelic_rpm (3.9.9.275) lib/new_relic/agent/instrumentation/middleware_tracing.rb:57:in `call'
  activesupport (4.0.2) lib/active_support/cache/strategy/local_cache.rb:83:in `call'
  newrelic_rpm (3.9.9.275) lib/new_relic/agent/instrumentation/middleware_tracing.rb:57:in `call'
  rack (1.5.2) lib/rack/lock.rb:17:in `call'
  newrelic_rpm (3.9.9.275) lib/new_relic/agent/instrumentation/middleware_tracing.rb:57:in `call'
  actionpack (4.0.2) lib/action_dispatch/middleware/static.rb:64:in `call'
  newrelic_rpm (3.9.9.275) lib/new_relic/agent/instrumentation/middleware_tracing.rb:57:in `call'
  rack (1.5.2) lib/rack/sendfile.rb:112:in `call'
  newrelic_rpm (3.9.9.275) lib/new_relic/agent/instrumentation/middleware_tracing.rb:57:in `call'
  railties (4.0.2) lib/rails/engine.rb:511:in `call'
  railties (4.0.2) lib/rails/application.rb:97:in `call'
  newrelic_rpm (3.9.9.275) lib/new_relic/agent/instrumentation/middleware_tracing.rb:57:in `call'
  rack (1.5.2) lib/rack/lock.rb:17:in `call'
  rack (1.5.2) lib/rack/content_length.rb:14:in `call'
  rack (1.5.2) lib/rack/handler/webrick.rb:60:in `service'
  /Users/scottnelson/.rbenv/versions/2.1.2/lib/ruby/2.1.0/webrick/httpserver.rb:138:in `service'
  /Users/scottnelson/.rbenv/versions/2.1.2/lib/ruby/2.1.0/webrick/httpserver.rb:94:in `run'
  /Users/scottnelson/.rbenv/versions/2.1.2/lib/ruby/2.1.0/webrick/server.rb:295:in `block in start_thread'



Started POST "/__better_errors/70339544159460/variables" for 127.0.0.1 at 2015-02-03 21:43:27 -0800


Started GET "/" for 127.0.0.1 at 2015-02-03 21:48:57 -0800
  [1m[36mActiveRecord::SchemaMigration Load (0.6ms)[0m  [1mSELECT "schema_migrations".* FROM "schema_migrations"[0m
Processing by StaticPagesController#home as HTML
Redirected to http://localhost:3000/session/new
Filter chain halted as :require_signed_in! rendered or redirected
Completed 302 Found in 9ms (ActiveRecord: 0.0ms)


Started GET "/session/new" for 127.0.0.1 at 2015-02-03 21:48:57 -0800
Processing by SessionsController#new as HTML
  Rendered sessions/new.html.erb within layouts/application (3.6ms)
Completed 500 Internal Server Error in 9ms

NoMethodError - undefined method `user_name' for nil:NilClass:
  app/views/sessions/new.html.erb:6:in `_app_views_sessions_new_html_erb__60556956459361704_70124716651280'
  actionpack (4.0.2) lib/action_view/template.rb:143:in `block in render'
  activesupport (4.0.2) lib/active_support/notifications.rb:159:in `block in instrument'
  activesupport (4.0.2) lib/active_support/notifications/instrumenter.rb:20:in `instrument'
  activesupport (4.0.2) lib/active_support/notifications.rb:159:in `instrument'
  actionpack (4.0.2) lib/action_view/template.rb:141:in `render'
  actionpack (4.0.2) lib/action_view/renderer/template_renderer.rb:49:in `block (2 levels) in render_template'
  actionpack (4.0.2) lib/action_view/renderer/abstract_renderer.rb:38:in `block in instrument'
  activesupport (4.0.2) lib/active_support/notifications.rb:159:in `block in instrument'
  activesupport (4.0.2) lib/active_support/notifications/instrumenter.rb:20:in `instrument'
  activesupport (4.0.2) lib/active_support/notifications.rb:159:in `instrument'
  actionpack (4.0.2) lib/action_view/renderer/abstract_renderer.rb:38:in `instrument'
  actionpack (4.0.2) lib/action_view/renderer/template_renderer.rb:48:in `block in render_template'
  actionpack (4.0.2) lib/action_view/renderer/template_renderer.rb:56:in `render_with_layout'
  actionpack (4.0.2) lib/action_view/renderer/template_renderer.rb:47:in `render_template'
  actionpack (4.0.2) lib/action_view/renderer/template_renderer.rb:17:in `render'
  actionpack (4.0.2) lib/action_view/renderer/renderer.rb:42:in `render_template'
  actionpack (4.0.2) lib/action_view/renderer/renderer.rb:23:in `render'
  actionpack (4.0.2) lib/abstract_controller/rendering.rb:127:in `_render_template'
  actionpack (4.0.2) lib/action_controller/metal/streaming.rb:219:in `_render_template'
  actionpack (4.0.2) lib/abstract_controller/rendering.rb:120:in `render_to_body'
  actionpack (4.0.2) lib/action_controller/metal/rendering.rb:33:in `render_to_body'
  actionpack (4.0.2) lib/action_controller/metal/renderers.rb:26:in `render_to_body'
  actionpack (4.0.2) lib/abstract_controller/rendering.rb:97:in `render'
  actionpack (4.0.2) lib/action_controller/metal/rendering.rb:16:in `render'
  actionpack (4.0.2) lib/action_controller/metal/instrumentation.rb:41:in `block (2 levels) in render'
  activesupport (4.0.2) lib/active_support/core_ext/benchmark.rb:12:in `block in ms'
  /Users/scottnelson/.rbenv/versions/2.1.2/lib/ruby/2.1.0/benchmark.rb:294:in `realtime'
  activesupport (4.0.2) lib/active_support/core_ext/benchmark.rb:12:in `ms'
  actionpack (4.0.2) lib/action_controller/metal/instrumentation.rb:41:in `block in render'
  actionpack (4.0.2) lib/action_controller/metal/instrumentation.rb:84:in `cleanup_view_runtime'
  activerecord (4.0.2) lib/active_record/railties/controller_runtime.rb:25:in `cleanup_view_runtime'
  actionpack (4.0.2) lib/action_controller/metal/instrumentation.rb:40:in `render'
  actionpack (4.0.2) lib/action_controller/metal/implicit_render.rb:10:in `default_render'
  actionpack (4.0.2) lib/action_controller/metal/implicit_render.rb:5:in `send_action'
  actionpack (4.0.2) lib/abstract_controller/base.rb:189:in `process_action'
  actionpack (4.0.2) lib/action_controller/metal/rendering.rb:10:in `process_action'
  actionpack (4.0.2) lib/abstract_controller/callbacks.rb:18:in `block in process_action'
  activesupport (4.0.2) lib/active_support/callbacks.rb:403:in `_run__3028853748415581480__process_action__callbacks'
  activesupport (4.0.2) lib/active_support/callbacks.rb:80:in `run_callbacks'
  actionpack (4.0.2) lib/abstract_controller/callbacks.rb:17:in `process_action'
  actionpack (4.0.2) lib/action_controller/metal/rescue.rb:29:in `process_action'
  actionpack (4.0.2) lib/action_controller/metal/instrumentation.rb:31:in `block in process_action'
  activesupport (4.0.2) lib/active_support/notifications.rb:159:in `block in instrument'
  activesupport (4.0.2) lib/active_support/notifications/instrumenter.rb:20:in `instrument'
  activesupport (4.0.2) lib/active_support/notifications.rb:159:in `instrument'
  actionpack (4.0.2) lib/action_controller/metal/instrumentation.rb:30:in `process_action'
  actionpack (4.0.2) lib/action_controller/metal/params_wrapper.rb:245:in `process_action'
  activerecord (4.0.2) lib/active_record/railties/controller_runtime.rb:18:in `process_action'
  actionpack (4.0.2) lib/abstract_controller/base.rb:136:in `process'
  actionpack (4.0.2) lib/abstract_controller/rendering.rb:44:in `process'
  actionpack (4.0.2) lib/action_controller/metal.rb:195:in `dispatch'
  actionpack (4.0.2) lib/action_controller/metal/rack_delegation.rb:13:in `dispatch'
  actionpack (4.0.2) lib/action_controller/metal.rb:231:in `block in action'
  actionpack (4.0.2) lib/action_dispatch/routing/route_set.rb:80:in `dispatch'
  actionpack (4.0.2) lib/action_dispatch/routing/route_set.rb:48:in `call'
  actionpack (4.0.2) lib/action_dispatch/journey/router.rb:71:in `block in call'
  actionpack (4.0.2) lib/action_dispatch/journey/router.rb:59:in `call'
  actionpack (4.0.2) lib/action_dispatch/routing/route_set.rb:680:in `call'
  newrelic_rpm (3.9.9.275) lib/new_relic/agent/instrumentation/middleware_tracing.rb:57:in `call'
  newrelic_rpm (3.9.9.275) lib/new_relic/rack/agent_hooks.rb:30:in `traced_call'
  newrelic_rpm (3.9.9.275) lib/new_relic/agent/instrumentation/middleware_tracing.rb:55:in `call'
  newrelic_rpm (3.9.9.275) lib/new_relic/rack/browser_monitoring.rb:23:in `traced_call'
  newrelic_rpm (3.9.9.275) lib/new_relic/agent/instrumentation/middleware_tracing.rb:55:in `call'
  rack (1.5.2) lib/rack/etag.rb:23:in `call'
  newrelic_rpm (3.9.9.275) lib/new_relic/agent/instrumentation/middleware_tracing.rb:57:in `call'
  rack (1.5.2) lib/rack/conditionalget.rb:25:in `call'
  newrelic_rpm (3.9.9.275) lib/new_relic/agent/instrumentation/middleware_tracing.rb:57:in `call'
  rack (1.5.2) lib/rack/head.rb:11:in `call'
  newrelic_rpm (3.9.9.275) lib/new_relic/agent/instrumentation/middleware_tracing.rb:57:in `call'
  actionpack (4.0.2) lib/action_dispatch/middleware/params_parser.rb:27:in `call'
  newrelic_rpm (3.9.9.275) lib/new_relic/agent/instrumentation/middleware_tracing.rb:57:in `call'
  actionpack (4.0.2) lib/action_dispatch/middleware/flash.rb:241:in `call'
  newrelic_rpm (3.9.9.275) lib/new_relic/agent/instrumentation/middleware_tracing.rb:57:in `call'
  rack (1.5.2) lib/rack/session/abstract/id.rb:225:in `context'
  rack (1.5.2) lib/rack/session/abstract/id.rb:220:in `call'
  newrelic_rpm (3.9.9.275) lib/new_relic/agent/instrumentation/middleware_tracing.rb:57:in `call'
  actionpack (4.0.2) lib/action_dispatch/middleware/cookies.rb:486:in `call'
  newrelic_rpm (3.9.9.275) lib/new_relic/agent/instrumentation/middleware_tracing.rb:57:in `call'
  activerecord (4.0.2) lib/active_record/query_cache.rb:36:in `call'
  newrelic_rpm (3.9.9.275) lib/new_relic/agent/instrumentation/middleware_tracing.rb:57:in `call'
  activerecord (4.0.2) lib/active_record/connection_adapters/abstract/connection_pool.rb:626:in `call'
  newrelic_rpm (3.9.9.275) lib/new_relic/agent/instrumentation/middleware_tracing.rb:57:in `call'
  activerecord (4.0.2) lib/active_record/migration.rb:369:in `call'
  newrelic_rpm (3.9.9.275) lib/new_relic/agent/instrumentation/middleware_tracing.rb:57:in `call'
  actionpack (4.0.2) lib/action_dispatch/middleware/callbacks.rb:29:in `block in call'
  activesupport (4.0.2) lib/active_support/callbacks.rb:373:in `_run__4300062220510717084__call__callbacks'
  activesupport (4.0.2) lib/active_support/callbacks.rb:80:in `run_callbacks'
  actionpack (4.0.2) lib/action_dispatch/middleware/callbacks.rb:27:in `call'
  newrelic_rpm (3.9.9.275) lib/new_relic/agent/instrumentation/middleware_tracing.rb:57:in `call'
  actionpack (4.0.2) lib/action_dispatch/middleware/reloader.rb:64:in `call'
  newrelic_rpm (3.9.9.275) lib/new_relic/agent/instrumentation/middleware_tracing.rb:57:in `call'
  actionpack (4.0.2) lib/action_dispatch/middleware/remote_ip.rb:76:in `call'
  newrelic_rpm (3.9.9.275) lib/new_relic/agent/instrumentation/middleware_tracing.rb:57:in `call'
  better_errors (1.1.0) lib/better_errors/middleware.rb:84:in `protected_app_call'
  better_errors (1.1.0) lib/better_errors/middleware.rb:79:in `better_errors_call'
  better_errors (1.1.0) lib/better_errors/middleware.rb:56:in `call'
  newrelic_rpm (3.9.9.275) lib/new_relic/agent/instrumentation/middleware_tracing.rb:57:in `call'
  actionpack (4.0.2) lib/action_dispatch/middleware/debug_exceptions.rb:17:in `call'
  newrelic_rpm (3.9.9.275) lib/new_relic/agent/instrumentation/middleware_tracing.rb:57:in `call'
  actionpack (4.0.2) lib/action_dispatch/middleware/show_exceptions.rb:30:in `call'
  newrelic_rpm (3.9.9.275) lib/new_relic/agent/instrumentation/middleware_tracing.rb:57:in `call'
  railties (4.0.2) lib/rails/rack/logger.rb:38:in `call_app'
  railties (4.0.2) lib/rails/rack/logger.rb:20:in `block in call'
  activesupport (4.0.2) lib/active_support/tagged_logging.rb:67:in `block in tagged'
  activesupport (4.0.2) lib/active_support/tagged_logging.rb:25:in `tagged'
  activesupport (4.0.2) lib/active_support/tagged_logging.rb:67:in `tagged'
  railties (4.0.2) lib/rails/rack/logger.rb:20:in `call'
  newrelic_rpm (3.9.9.275) lib/new_relic/agent/instrumentation/middleware_tracing.rb:57:in `call'
  actionpack (4.0.2) lib/action_dispatch/middleware/request_id.rb:21:in `call'
  newrelic_rpm (3.9.9.275) lib/new_relic/agent/instrumentation/middleware_tracing.rb:57:in `call'
  rack (1.5.2) lib/rack/methodoverride.rb:21:in `call'
  newrelic_rpm (3.9.9.275) lib/new_relic/agent/instrumentation/middleware_tracing.rb:57:in `call'
  rack (1.5.2) lib/rack/runtime.rb:17:in `call'
  newrelic_rpm (3.9.9.275) lib/new_relic/agent/instrumentation/middleware_tracing.rb:57:in `call'
  activesupport (4.0.2) lib/active_support/cache/strategy/local_cache.rb:83:in `call'
  newrelic_rpm (3.9.9.275) lib/new_relic/agent/instrumentation/middleware_tracing.rb:57:in `call'
  rack (1.5.2) lib/rack/lock.rb:17:in `call'
  newrelic_rpm (3.9.9.275) lib/new_relic/agent/instrumentation/middleware_tracing.rb:57:in `call'
  actionpack (4.0.2) lib/action_dispatch/middleware/static.rb:64:in `call'
  newrelic_rpm (3.9.9.275) lib/new_relic/agent/instrumentation/middleware_tracing.rb:57:in `call'
  rack (1.5.2) lib/rack/sendfile.rb:112:in `call'
  newrelic_rpm (3.9.9.275) lib/new_relic/agent/instrumentation/middleware_tracing.rb:57:in `call'
  railties (4.0.2) lib/rails/engine.rb:511:in `call'
  railties (4.0.2) lib/rails/application.rb:97:in `call'
  newrelic_rpm (3.9.9.275) lib/new_relic/agent/instrumentation/middleware_tracing.rb:57:in `call'
  rack (1.5.2) lib/rack/lock.rb:17:in `call'
  rack (1.5.2) lib/rack/content_length.rb:14:in `call'
  rack (1.5.2) lib/rack/handler/webrick.rb:60:in `service'
  /Users/scottnelson/.rbenv/versions/2.1.2/lib/ruby/2.1.0/webrick/httpserver.rb:138:in `service'
  /Users/scottnelson/.rbenv/versions/2.1.2/lib/ruby/2.1.0/webrick/httpserver.rb:94:in `run'
  /Users/scottnelson/.rbenv/versions/2.1.2/lib/ruby/2.1.0/webrick/server.rb:295:in `block in start_thread'



Started POST "/__better_errors/70124716403640/variables" for 127.0.0.1 at 2015-02-03 21:48:57 -0800


Started POST "/__better_errors/70124716403640/eval" for 127.0.0.1 at 2015-02-03 21:49:05 -0800


Started GET "/session/new" for 127.0.0.1 at 2015-02-03 21:49:41 -0800
Processing by SessionsController#new as HTML
  Rendered sessions/new.html.erb within layouts/application (0.2ms)
Completed 500 Internal Server Error in 26ms

Sass::SyntaxError - File to import not found or unreadable: foundation.
Load paths:
  /Users/scottnelson/Desktop/Redly/app/assets/images
  /Users/scottnelson/Desktop/Redly/app/assets/javascripts
  /Users/scottnelson/Desktop/Redly/app/assets/stylesheets
  /Users/scottnelson/Desktop/Redly/vendor/assets/javascripts
  /Users/scottnelson/Desktop/Redly/vendor/assets/stylesheets
  /Users/scottnelson/.rbenv/versions/2.1.2/lib/ruby/gems/2.1.0/gems/turbolinks-2.5.3/lib/assets/javascripts
  /Users/scottnelson/.rbenv/versions/2.1.2/lib/ruby/gems/2.1.0/gems/jquery-rails-3.1.2/vendor/assets/javascripts
  /Users/scottnelson/.rbenv/versions/2.1.2/lib/ruby/gems/2.1.0/gems/backbone-on-rails-1.1.1.0/vendor/assets/javascripts
  (in /Users/scottnelson/Desktop/Redly/app/assets/stylesheets/foundation_and_overrides.scss:1327):
  sass (3.2.19) lib/sass/tree/import_node.rb:67:in `rescue in import'
  sass (3.2.19) lib/sass/tree/import_node.rb:45:in `import'
  sass (3.2.19) lib/sass/tree/import_node.rb:28:in `imported_file'
  sass (3.2.19) lib/sass/tree/import_node.rb:37:in `css_import?'
  sass (3.2.19) lib/sass/tree/visitors/perform.rb:217:in `visit_import'
  sass (3.2.19) lib/sass/tree/visitors/base.rb:37:in `visit'
  sass (3.2.19) lib/sass/tree/visitors/perform.rb:100:in `visit'
  sass (3.2.19) lib/sass/tree/visitors/base.rb:53:in `block in visit_children'
  sass (3.2.19) lib/sass/tree/visitors/base.rb:53:in `visit_children'
  sass (3.2.19) lib/sass/tree/visitors/perform.rb:109:in `block in visit_children'
  sass (3.2.19) lib/sass/tree/visitors/perform.rb:121:in `with_environment'
  sass (3.2.19) lib/sass/tree/visitors/perform.rb:108:in `visit_children'
  sass (3.2.19) lib/sass/tree/visitors/base.rb:37:in `block in visit'
  sass (3.2.19) lib/sass/tree/visitors/perform.rb:128:in `visit_root'
  sass (3.2.19) lib/sass/tree/visitors/base.rb:37:in `visit'
  sass (3.2.19) lib/sass/tree/visitors/perform.rb:100:in `visit'
  sass (3.2.19) lib/sass/tree/visitors/perform.rb:7:in `visit'
  sass (3.2.19) lib/sass/tree/root_node.rb:20:in `render'
  sass (3.2.19) lib/sass/engine.rb:315:in `_render'
  sass (3.2.19) lib/sass/engine.rb:262:in `render'
  sass-rails (4.0.5) lib/sass/rails/template.rb:22:in `evaluate'
  tilt (1.4.1) lib/tilt/template.rb:103:in `render'
  sprockets (2.12.3) lib/sprockets/context.rb:197:in `block in evaluate'
  sprockets (2.12.3) lib/sprockets/context.rb:194:in `evaluate'
  sprockets (2.12.3) lib/sprockets/processed_asset.rb:12:in `initialize'
  sprockets (2.12.3) lib/sprockets/base.rb:374:in `block in build_asset'
  sprockets (2.12.3) lib/sprockets/base.rb:395:in `circular_call_protection'
  sprockets (2.12.3) lib/sprockets/base.rb:373:in `build_asset'
  sprockets (2.12.3) lib/sprockets/index.rb:94:in `block in build_asset'
  sprockets (2.12.3) lib/sprockets/caching.rb:58:in `cache_asset'
  sprockets (2.12.3) lib/sprockets/index.rb:93:in `build_asset'
  sprockets (2.12.3) lib/sprockets/base.rb:287:in `find_asset'
  sprockets (2.12.3) lib/sprockets/index.rb:61:in `find_asset'
  sprockets (2.12.3) lib/sprockets/processed_asset.rb:111:in `block in resolve_dependencies'
  sprockets (2.12.3) lib/sprockets/processed_asset.rb:105:in `resolve_dependencies'
  sprockets (2.12.3) lib/sprockets/processed_asset.rb:97:in `build_required_assets'
  sprockets (2.12.3) lib/sprockets/processed_asset.rb:16:in `initialize'
  sprockets (2.12.3) lib/sprockets/base.rb:374:in `block in build_asset'
  sprockets (2.12.3) lib/sprockets/base.rb:395:in `circular_call_protection'
  sprockets (2.12.3) lib/sprockets/base.rb:373:in `build_asset'
  sprockets (2.12.3) lib/sprockets/index.rb:94:in `block in build_asset'
  sprockets (2.12.3) lib/sprockets/caching.rb:58:in `cache_asset'
  sprockets (2.12.3) lib/sprockets/index.rb:93:in `build_asset'
  sprockets (2.12.3) lib/sprockets/base.rb:287:in `find_asset'
  sprockets (2.12.3) lib/sprockets/index.rb:61:in `find_asset'
  sprockets (2.12.3) lib/sprockets/bundled_asset.rb:16:in `initialize'
  sprockets (2.12.3) lib/sprockets/base.rb:377:in `build_asset'
  sprockets (2.12.3) lib/sprockets/index.rb:94:in `block in build_asset'
  sprockets (2.12.3) lib/sprockets/caching.rb:58:in `cache_asset'
  sprockets (2.12.3) lib/sprockets/index.rb:93:in `build_asset'
  sprockets (2.12.3) lib/sprockets/base.rb:287:in `find_asset'
  sprockets (2.12.3) lib/sprockets/index.rb:61:in `find_asset'
  sprockets (2.12.3) lib/sprockets/environment.rb:75:in `find_asset'
  sprockets (2.12.3) lib/sprockets/base.rb:295:in `[]'
  sprockets-rails (2.0.1) lib/sprockets/rails/helper.rb:144:in `lookup_asset_for_path'
  sprockets-rails (2.0.1) lib/sprockets/rails/helper.rb:113:in `block in stylesheet_link_tag'
  sprockets-rails (2.0.1) lib/sprockets/rails/helper.rb:112:in `stylesheet_link_tag'
  app/views/layouts/application.html.erb:6:in `_app_views_layouts_application_html_erb___4560453782254863518_70124716637200'
  actionpack (4.0.2) lib/action_view/template.rb:143:in `block in render'
  activesupport (4.0.2) lib/active_support/notifications.rb:159:in `block in instrument'
  activesupport (4.0.2) lib/active_support/notifications/instrumenter.rb:20:in `instrument'
  activesupport (4.0.2) lib/active_support/notifications.rb:159:in `instrument'
  actionpack (4.0.2) lib/action_view/template.rb:141:in `render'
  actionpack (4.0.2) lib/action_view/renderer/template_renderer.rb:61:in `render_with_layout'
  actionpack (4.0.2) lib/action_view/renderer/template_renderer.rb:47:in `render_template'
  actionpack (4.0.2) lib/action_view/renderer/template_renderer.rb:17:in `render'
  actionpack (4.0.2) lib/action_view/renderer/renderer.rb:42:in `render_template'
  actionpack (4.0.2) lib/action_view/renderer/renderer.rb:23:in `render'
  actionpack (4.0.2) lib/abstract_controller/rendering.rb:127:in `_render_template'
  actionpack (4.0.2) lib/action_controller/metal/streaming.rb:219:in `_render_template'
  actionpack (4.0.2) lib/abstract_controller/rendering.rb:120:in `render_to_body'
  actionpack (4.0.2) lib/action_controller/metal/rendering.rb:33:in `render_to_body'
  actionpack (4.0.2) lib/action_controller/metal/renderers.rb:26:in `render_to_body'
  actionpack (4.0.2) lib/abstract_controller/rendering.rb:97:in `render'
  actionpack (4.0.2) lib/action_controller/metal/rendering.rb:16:in `render'
  actionpack (4.0.2) lib/action_controller/metal/instrumentation.rb:41:in `block (2 levels) in render'
  activesupport (4.0.2) lib/active_support/core_ext/benchmark.rb:12:in `block in ms'
  /Users/scottnelson/.rbenv/versions/2.1.2/lib/ruby/2.1.0/benchmark.rb:294:in `realtime'
  activesupport (4.0.2) lib/active_support/core_ext/benchmark.rb:12:in `ms'
  actionpack (4.0.2) lib/action_controller/metal/instrumentation.rb:41:in `block in render'
  actionpack (4.0.2) lib/action_controller/metal/instrumentation.rb:84:in `cleanup_view_runtime'
  activerecord (4.0.2) lib/active_record/railties/controller_runtime.rb:25:in `cleanup_view_runtime'
  actionpack (4.0.2) lib/action_controller/metal/instrumentation.rb:40:in `render'
  actionpack (4.0.2) lib/action_controller/metal/implicit_render.rb:10:in `default_render'
  actionpack (4.0.2) lib/action_controller/metal/implicit_render.rb:5:in `send_action'
  actionpack (4.0.2) lib/abstract_controller/base.rb:189:in `process_action'
  actionpack (4.0.2) lib/action_controller/metal/rendering.rb:10:in `process_action'
  actionpack (4.0.2) lib/abstract_controller/callbacks.rb:18:in `block in process_action'
  activesupport (4.0.2) lib/active_support/callbacks.rb:403:in `_run__3028853748415581480__process_action__callbacks'
  activesupport (4.0.2) lib/active_support/callbacks.rb:80:in `run_callbacks'
  actionpack (4.0.2) lib/abstract_controller/callbacks.rb:17:in `process_action'
  actionpack (4.0.2) lib/action_controller/metal/rescue.rb:29:in `process_action'
  actionpack (4.0.2) lib/action_controller/metal/instrumentation.rb:31:in `block in process_action'
  activesupport (4.0.2) lib/active_support/notifications.rb:159:in `block in instrument'
  activesupport (4.0.2) lib/active_support/notifications/instrumenter.rb:20:in `instrument'
  activesupport (4.0.2) lib/active_support/notifications.rb:159:in `instrument'
  actionpack (4.0.2) lib/action_controller/metal/instrumentation.rb:30:in `process_action'
  actionpack (4.0.2) lib/action_controller/metal/params_wrapper.rb:245:in `process_action'
  activerecord (4.0.2) lib/active_record/railties/controller_runtime.rb:18:in `process_action'
  actionpack (4.0.2) lib/abstract_controller/base.rb:136:in `process'
  actionpack (4.0.2) lib/abstract_controller/rendering.rb:44:in `process'
  actionpack (4.0.2) lib/action_controller/metal.rb:195:in `dispatch'
  actionpack (4.0.2) lib/action_controller/metal/rack_delegation.rb:13:in `dispatch'
  actionpack (4.0.2) lib/action_controller/metal.rb:231:in `block in action'
  actionpack (4.0.2) lib/action_dispatch/routing/route_set.rb:80:in `dispatch'
  actionpack (4.0.2) lib/action_dispatch/routing/route_set.rb:48:in `call'
  actionpack (4.0.2) lib/action_dispatch/journey/router.rb:71:in `block in call'
  actionpack (4.0.2) lib/action_dispatch/journey/router.rb:59:in `call'
  actionpack (4.0.2) lib/action_dispatch/routing/route_set.rb:680:in `call'
  newrelic_rpm (3.9.9.275) lib/new_relic/agent/instrumentation/middleware_tracing.rb:57:in `call'
  newrelic_rpm (3.9.9.275) lib/new_relic/rack/agent_hooks.rb:30:in `traced_call'
  newrelic_rpm (3.9.9.275) lib/new_relic/agent/instrumentation/middleware_tracing.rb:55:in `call'
  newrelic_rpm (3.9.9.275) lib/new_relic/rack/browser_monitoring.rb:23:in `traced_call'
  newrelic_rpm (3.9.9.275) lib/new_relic/agent/instrumentation/middleware_tracing.rb:55:in `call'
  rack (1.5.2) lib/rack/etag.rb:23:in `call'
  newrelic_rpm (3.9.9.275) lib/new_relic/agent/instrumentation/middleware_tracing.rb:57:in `call'
  rack (1.5.2) lib/rack/conditionalget.rb:25:in `call'
  newrelic_rpm (3.9.9.275) lib/new_relic/agent/instrumentation/middleware_tracing.rb:57:in `call'
  rack (1.5.2) lib/rack/head.rb:11:in `call'
  newrelic_rpm (3.9.9.275) lib/new_relic/agent/instrumentation/middleware_tracing.rb:57:in `call'
  actionpack (4.0.2) lib/action_dispatch/middleware/params_parser.rb:27:in `call'
  newrelic_rpm (3.9.9.275) lib/new_relic/agent/instrumentation/middleware_tracing.rb:57:in `call'
  actionpack (4.0.2) lib/action_dispatch/middleware/flash.rb:241:in `call'
  newrelic_rpm (3.9.9.275) lib/new_relic/agent/instrumentation/middleware_tracing.rb:57:in `call'
  rack (1.5.2) lib/rack/session/abstract/id.rb:225:in `context'
  rack (1.5.2) lib/rack/session/abstract/id.rb:220:in `call'
  newrelic_rpm (3.9.9.275) lib/new_relic/agent/instrumentation/middleware_tracing.rb:57:in `call'
  actionpack (4.0.2) lib/action_dispatch/middleware/cookies.rb:486:in `call'
  newrelic_rpm (3.9.9.275) lib/new_relic/agent/instrumentation/middleware_tracing.rb:57:in `call'
  activerecord (4.0.2) lib/active_record/query_cache.rb:36:in `call'
  newrelic_rpm (3.9.9.275) lib/new_relic/agent/instrumentation/middleware_tracing.rb:57:in `call'
  activerecord (4.0.2) lib/active_record/connection_adapters/abstract/connection_pool.rb:626:in `call'
  newrelic_rpm (3.9.9.275) lib/new_relic/agent/instrumentation/middleware_tracing.rb:57:in `call'
  activerecord (4.0.2) lib/active_record/migration.rb:369:in `call'
  newrelic_rpm (3.9.9.275) lib/new_relic/agent/instrumentation/middleware_tracing.rb:57:in `call'
  actionpack (4.0.2) lib/action_dispatch/middleware/callbacks.rb:29:in `block in call'
  activesupport (4.0.2) lib/active_support/callbacks.rb:373:in `_run__4300062220510717084__call__callbacks'
  activesupport (4.0.2) lib/active_support/callbacks.rb:80:in `run_callbacks'
  actionpack (4.0.2) lib/action_dispatch/middleware/callbacks.rb:27:in `call'
  newrelic_rpm (3.9.9.275) lib/new_relic/agent/instrumentation/middleware_tracing.rb:57:in `call'
  actionpack (4.0.2) lib/action_dispatch/middleware/reloader.rb:64:in `call'
  newrelic_rpm (3.9.9.275) lib/new_relic/agent/instrumentation/middleware_tracing.rb:57:in `call'
  actionpack (4.0.2) lib/action_dispatch/middleware/remote_ip.rb:76:in `call'
  newrelic_rpm (3.9.9.275) lib/new_relic/agent/instrumentation/middleware_tracing.rb:57:in `call'
  better_errors (1.1.0) lib/better_errors/middleware.rb:84:in `protected_app_call'
  better_errors (1.1.0) lib/better_errors/middleware.rb:79:in `better_errors_call'
  better_errors (1.1.0) lib/better_errors/middleware.rb:56:in `call'
  newrelic_rpm (3.9.9.275) lib/new_relic/agent/instrumentation/middleware_tracing.rb:57:in `call'
  actionpack (4.0.2) lib/action_dispatch/middleware/debug_exceptions.rb:17:in `call'
  newrelic_rpm (3.9.9.275) lib/new_relic/agent/instrumentation/middleware_tracing.rb:57:in `call'
  actionpack (4.0.2) lib/action_dispatch/middleware/show_exceptions.rb:30:in `call'
  newrelic_rpm (3.9.9.275) lib/new_relic/agent/instrumentation/middleware_tracing.rb:57:in `call'
  railties (4.0.2) lib/rails/rack/logger.rb:38:in `call_app'
  railties (4.0.2) lib/rails/rack/logger.rb:20:in `block in call'
  activesupport (4.0.2) lib/active_support/tagged_logging.rb:67:in `block in tagged'
  activesupport (4.0.2) lib/active_support/tagged_logging.rb:25:in `tagged'
  activesupport (4.0.2) lib/active_support/tagged_logging.rb:67:in `tagged'
  railties (4.0.2) lib/rails/rack/logger.rb:20:in `call'
  newrelic_rpm (3.9.9.275) lib/new_relic/agent/instrumentation/middleware_tracing.rb:57:in `call'
  actionpack (4.0.2) lib/action_dispatch/middleware/request_id.rb:21:in `call'
  newrelic_rpm (3.9.9.275) lib/new_relic/agent/instrumentation/middleware_tracing.rb:57:in `call'
  rack (1.5.2) lib/rack/methodoverride.rb:21:in `call'
  newrelic_rpm (3.9.9.275) lib/new_relic/agent/instrumentation/middleware_tracing.rb:57:in `call'
  rack (1.5.2) lib/rack/runtime.rb:17:in `call'
  newrelic_rpm (3.9.9.275) lib/new_relic/agent/instrumentation/middleware_tracing.rb:57:in `call'
  activesupport (4.0.2) lib/active_support/cache/strategy/local_cache.rb:83:in `call'
  newrelic_rpm (3.9.9.275) lib/new_relic/agent/instrumentation/middleware_tracing.rb:57:in `call'
  rack (1.5.2) lib/rack/lock.rb:17:in `call'
  newrelic_rpm (3.9.9.275) lib/new_relic/agent/instrumentation/middleware_tracing.rb:57:in `call'
  actionpack (4.0.2) lib/action_dispatch/middleware/static.rb:64:in `call'
  newrelic_rpm (3.9.9.275) lib/new_relic/agent/instrumentation/middleware_tracing.rb:57:in `call'
  rack (1.5.2) lib/rack/sendfile.rb:112:in `call'
  newrelic_rpm (3.9.9.275) lib/new_relic/agent/instrumentation/middleware_tracing.rb:57:in `call'
  railties (4.0.2) lib/rails/engine.rb:511:in `call'
  railties (4.0.2) lib/rails/application.rb:97:in `call'
  newrelic_rpm (3.9.9.275) lib/new_relic/agent/instrumentation/middleware_tracing.rb:57:in `call'
  rack (1.5.2) lib/rack/lock.rb:17:in `call'
  rack (1.5.2) lib/rack/content_length.rb:14:in `call'
  rack (1.5.2) lib/rack/handler/webrick.rb:60:in `service'
  /Users/scottnelson/.rbenv/versions/2.1.2/lib/ruby/2.1.0/webrick/httpserver.rb:138:in `service'
  /Users/scottnelson/.rbenv/versions/2.1.2/lib/ruby/2.1.0/webrick/httpserver.rb:94:in `run'
  /Users/scottnelson/.rbenv/versions/2.1.2/lib/ruby/2.1.0/webrick/server.rb:295:in `block in start_thread'



Started POST "/__better_errors/70124692939520/variables" for 127.0.0.1 at 2015-02-03 21:49:42 -0800


Started GET "/session/new" for 127.0.0.1 at 2015-02-03 21:53:35 -0800
Processing by SessionsController#new as HTML
  Rendered sessions/new.html.erb within layouts/application (0.2ms)
Completed 500 Internal Server Error in 19ms

Sass::SyntaxError - File to import not found or unreadable: foundation.
Load paths:
  /Users/scottnelson/Desktop/Redly/app/assets/images
  /Users/scottnelson/Desktop/Redly/app/assets/javascripts
  /Users/scottnelson/Desktop/Redly/app/assets/stylesheets
  /Users/scottnelson/Desktop/Redly/vendor/assets/javascripts
  /Users/scottnelson/Desktop/Redly/vendor/assets/stylesheets
  /Users/scottnelson/.rbenv/versions/2.1.2/lib/ruby/gems/2.1.0/gems/turbolinks-2.5.3/lib/assets/javascripts
  /Users/scottnelson/.rbenv/versions/2.1.2/lib/ruby/gems/2.1.0/gems/jquery-rails-3.1.2/vendor/assets/javascripts
  /Users/scottnelson/.rbenv/versions/2.1.2/lib/ruby/gems/2.1.0/gems/backbone-on-rails-1.1.1.0/vendor/assets/javascripts
  (in /Users/scottnelson/Desktop/Redly/app/assets/stylesheets/foundation_and_overrides.scss:1327):
  sass (3.2.19) lib/sass/tree/import_node.rb:67:in `rescue in import'
  sass (3.2.19) lib/sass/tree/import_node.rb:45:in `import'
  sass (3.2.19) lib/sass/tree/import_node.rb:28:in `imported_file'
  sass (3.2.19) lib/sass/tree/import_node.rb:37:in `css_import?'
  sass (3.2.19) lib/sass/tree/visitors/perform.rb:217:in `visit_import'
  sass (3.2.19) lib/sass/tree/visitors/base.rb:37:in `visit'
  sass (3.2.19) lib/sass/tree/visitors/perform.rb:100:in `visit'
  sass (3.2.19) lib/sass/tree/visitors/base.rb:53:in `block in visit_children'
  sass (3.2.19) lib/sass/tree/visitors/base.rb:53:in `visit_children'
  sass (3.2.19) lib/sass/tree/visitors/perform.rb:109:in `block in visit_children'
  sass (3.2.19) lib/sass/tree/visitors/perform.rb:121:in `with_environment'
  sass (3.2.19) lib/sass/tree/visitors/perform.rb:108:in `visit_children'
  sass (3.2.19) lib/sass/tree/visitors/base.rb:37:in `block in visit'
  sass (3.2.19) lib/sass/tree/visitors/perform.rb:128:in `visit_root'
  sass (3.2.19) lib/sass/tree/visitors/base.rb:37:in `visit'
  sass (3.2.19) lib/sass/tree/visitors/perform.rb:100:in `visit'
  sass (3.2.19) lib/sass/tree/visitors/perform.rb:7:in `visit'
  sass (3.2.19) lib/sass/tree/root_node.rb:20:in `render'
  sass (3.2.19) lib/sass/engine.rb:315:in `_render'
  sass (3.2.19) lib/sass/engine.rb:262:in `render'
  sass-rails (4.0.5) lib/sass/rails/template.rb:22:in `evaluate'
  tilt (1.4.1) lib/tilt/template.rb:103:in `render'
  sprockets (2.12.3) lib/sprockets/context.rb:197:in `block in evaluate'
  sprockets (2.12.3) lib/sprockets/context.rb:194:in `evaluate'
  sprockets (2.12.3) lib/sprockets/processed_asset.rb:12:in `initialize'
  sprockets (2.12.3) lib/sprockets/base.rb:374:in `block in build_asset'
  sprockets (2.12.3) lib/sprockets/base.rb:395:in `circular_call_protection'
  sprockets (2.12.3) lib/sprockets/base.rb:373:in `build_asset'
  sprockets (2.12.3) lib/sprockets/index.rb:94:in `block in build_asset'
  sprockets (2.12.3) lib/sprockets/caching.rb:58:in `cache_asset'
  sprockets (2.12.3) lib/sprockets/index.rb:93:in `build_asset'
  sprockets (2.12.3) lib/sprockets/base.rb:287:in `find_asset'
  sprockets (2.12.3) lib/sprockets/index.rb:61:in `find_asset'
  sprockets (2.12.3) lib/sprockets/processed_asset.rb:111:in `block in resolve_dependencies'
  sprockets (2.12.3) lib/sprockets/processed_asset.rb:105:in `resolve_dependencies'
  sprockets (2.12.3) lib/sprockets/processed_asset.rb:97:in `build_required_assets'
  sprockets (2.12.3) lib/sprockets/processed_asset.rb:16:in `initialize'
  sprockets (2.12.3) lib/sprockets/base.rb:374:in `block in build_asset'
  sprockets (2.12.3) lib/sprockets/base.rb:395:in `circular_call_protection'
  sprockets (2.12.3) lib/sprockets/base.rb:373:in `build_asset'
  sprockets (2.12.3) lib/sprockets/index.rb:94:in `block in build_asset'
  sprockets (2.12.3) lib/sprockets/caching.rb:58:in `cache_asset'
  sprockets (2.12.3) lib/sprockets/index.rb:93:in `build_asset'
  sprockets (2.12.3) lib/sprockets/base.rb:287:in `find_asset'
  sprockets (2.12.3) lib/sprockets/index.rb:61:in `find_asset'
  sprockets (2.12.3) lib/sprockets/bundled_asset.rb:16:in `initialize'
  sprockets (2.12.3) lib/sprockets/base.rb:377:in `build_asset'
  sprockets (2.12.3) lib/sprockets/index.rb:94:in `block in build_asset'
  sprockets (2.12.3) lib/sprockets/caching.rb:58:in `cache_asset'
  sprockets (2.12.3) lib/sprockets/index.rb:93:in `build_asset'
  sprockets (2.12.3) lib/sprockets/base.rb:287:in `find_asset'
  sprockets (2.12.3) lib/sprockets/index.rb:61:in `find_asset'
  sprockets (2.12.3) lib/sprockets/environment.rb:75:in `find_asset'
  sprockets (2.12.3) lib/sprockets/base.rb:295:in `[]'
  sprockets-rails (2.0.1) lib/sprockets/rails/helper.rb:144:in `lookup_asset_for_path'
  sprockets-rails (2.0.1) lib/sprockets/rails/helper.rb:113:in `block in stylesheet_link_tag'
  sprockets-rails (2.0.1) lib/sprockets/rails/helper.rb:112:in `stylesheet_link_tag'
  app/views/layouts/application.html.erb:6:in `_app_views_layouts_application_html_erb___4560453782254863518_70124716637200'
  actionpack (4.0.2) lib/action_view/template.rb:143:in `block in render'
  activesupport (4.0.2) lib/active_support/notifications.rb:159:in `block in instrument'
  activesupport (4.0.2) lib/active_support/notifications/instrumenter.rb:20:in `instrument'
  activesupport (4.0.2) lib/active_support/notifications.rb:159:in `instrument'
  actionpack (4.0.2) lib/action_view/template.rb:141:in `render'
  actionpack (4.0.2) lib/action_view/renderer/template_renderer.rb:61:in `render_with_layout'
  actionpack (4.0.2) lib/action_view/renderer/template_renderer.rb:47:in `render_template'
  actionpack (4.0.2) lib/action_view/renderer/template_renderer.rb:17:in `render'
  actionpack (4.0.2) lib/action_view/renderer/renderer.rb:42:in `render_template'
  actionpack (4.0.2) lib/action_view/renderer/renderer.rb:23:in `render'
  actionpack (4.0.2) lib/abstract_controller/rendering.rb:127:in `_render_template'
  actionpack (4.0.2) lib/action_controller/metal/streaming.rb:219:in `_render_template'
  actionpack (4.0.2) lib/abstract_controller/rendering.rb:120:in `render_to_body'
  actionpack (4.0.2) lib/action_controller/metal/rendering.rb:33:in `render_to_body'
  actionpack (4.0.2) lib/action_controller/metal/renderers.rb:26:in `render_to_body'
  actionpack (4.0.2) lib/abstract_controller/rendering.rb:97:in `render'
  actionpack (4.0.2) lib/action_controller/metal/rendering.rb:16:in `render'
  actionpack (4.0.2) lib/action_controller/metal/instrumentation.rb:41:in `block (2 levels) in render'
  activesupport (4.0.2) lib/active_support/core_ext/benchmark.rb:12:in `block in ms'
  /Users/scottnelson/.rbenv/versions/2.1.2/lib/ruby/2.1.0/benchmark.rb:294:in `realtime'
  activesupport (4.0.2) lib/active_support/core_ext/benchmark.rb:12:in `ms'
  actionpack (4.0.2) lib/action_controller/metal/instrumentation.rb:41:in `block in render'
  actionpack (4.0.2) lib/action_controller/metal/instrumentation.rb:84:in `cleanup_view_runtime'
  activerecord (4.0.2) lib/active_record/railties/controller_runtime.rb:25:in `cleanup_view_runtime'
  actionpack (4.0.2) lib/action_controller/metal/instrumentation.rb:40:in `render'
  actionpack (4.0.2) lib/action_controller/metal/implicit_render.rb:10:in `default_render'
  actionpack (4.0.2) lib/action_controller/metal/implicit_render.rb:5:in `send_action'
  actionpack (4.0.2) lib/abstract_controller/base.rb:189:in `process_action'
  actionpack (4.0.2) lib/action_controller/metal/rendering.rb:10:in `process_action'
  actionpack (4.0.2) lib/abstract_controller/callbacks.rb:18:in `block in process_action'
  activesupport (4.0.2) lib/active_support/callbacks.rb:403:in `_run__3028853748415581480__process_action__callbacks'
  activesupport (4.0.2) lib/active_support/callbacks.rb:80:in `run_callbacks'
  actionpack (4.0.2) lib/abstract_controller/callbacks.rb:17:in `process_action'
  actionpack (4.0.2) lib/action_controller/metal/rescue.rb:29:in `process_action'
  actionpack (4.0.2) lib/action_controller/metal/instrumentation.rb:31:in `block in process_action'
  activesupport (4.0.2) lib/active_support/notifications.rb:159:in `block in instrument'
  activesupport (4.0.2) lib/active_support/notifications/instrumenter.rb:20:in `instrument'
  activesupport (4.0.2) lib/active_support/notifications.rb:159:in `instrument'
  actionpack (4.0.2) lib/action_controller/metal/instrumentation.rb:30:in `process_action'
  actionpack (4.0.2) lib/action_controller/metal/params_wrapper.rb:245:in `process_action'
  activerecord (4.0.2) lib/active_record/railties/controller_runtime.rb:18:in `process_action'
  actionpack (4.0.2) lib/abstract_controller/base.rb:136:in `process'
  actionpack (4.0.2) lib/abstract_controller/rendering.rb:44:in `process'
  actionpack (4.0.2) lib/action_controller/metal.rb:195:in `dispatch'
  actionpack (4.0.2) lib/action_controller/metal/rack_delegation.rb:13:in `dispatch'
  actionpack (4.0.2) lib/action_controller/metal.rb:231:in `block in action'
  actionpack (4.0.2) lib/action_dispatch/routing/route_set.rb:80:in `dispatch'
  actionpack (4.0.2) lib/action_dispatch/routing/route_set.rb:48:in `call'
  actionpack (4.0.2) lib/action_dispatch/journey/router.rb:71:in `block in call'
  actionpack (4.0.2) lib/action_dispatch/journey/router.rb:59:in `call'
  actionpack (4.0.2) lib/action_dispatch/routing/route_set.rb:680:in `call'
  newrelic_rpm (3.9.9.275) lib/new_relic/agent/instrumentation/middleware_tracing.rb:57:in `call'
  newrelic_rpm (3.9.9.275) lib/new_relic/rack/agent_hooks.rb:30:in `traced_call'
  newrelic_rpm (3.9.9.275) lib/new_relic/agent/instrumentation/middleware_tracing.rb:55:in `call'
  newrelic_rpm (3.9.9.275) lib/new_relic/rack/browser_monitoring.rb:23:in `traced_call'
  newrelic_rpm (3.9.9.275) lib/new_relic/agent/instrumentation/middleware_tracing.rb:55:in `call'
  rack (1.5.2) lib/rack/etag.rb:23:in `call'
  newrelic_rpm (3.9.9.275) lib/new_relic/agent/instrumentation/middleware_tracing.rb:57:in `call'
  rack (1.5.2) lib/rack/conditionalget.rb:25:in `call'
  newrelic_rpm (3.9.9.275) lib/new_relic/agent/instrumentation/middleware_tracing.rb:57:in `call'
  rack (1.5.2) lib/rack/head.rb:11:in `call'
  newrelic_rpm (3.9.9.275) lib/new_relic/agent/instrumentation/middleware_tracing.rb:57:in `call'
  actionpack (4.0.2) lib/action_dispatch/middleware/params_parser.rb:27:in `call'
  newrelic_rpm (3.9.9.275) lib/new_relic/agent/instrumentation/middleware_tracing.rb:57:in `call'
  actionpack (4.0.2) lib/action_dispatch/middleware/flash.rb:241:in `call'
  newrelic_rpm (3.9.9.275) lib/new_relic/agent/instrumentation/middleware_tracing.rb:57:in `call'
  rack (1.5.2) lib/rack/session/abstract/id.rb:225:in `context'
  rack (1.5.2) lib/rack/session/abstract/id.rb:220:in `call'
  newrelic_rpm (3.9.9.275) lib/new_relic/agent/instrumentation/middleware_tracing.rb:57:in `call'
  actionpack (4.0.2) lib/action_dispatch/middleware/cookies.rb:486:in `call'
  newrelic_rpm (3.9.9.275) lib/new_relic/agent/instrumentation/middleware_tracing.rb:57:in `call'
  activerecord (4.0.2) lib/active_record/query_cache.rb:36:in `call'
  newrelic_rpm (3.9.9.275) lib/new_relic/agent/instrumentation/middleware_tracing.rb:57:in `call'
  activerecord (4.0.2) lib/active_record/connection_adapters/abstract/connection_pool.rb:626:in `call'
  newrelic_rpm (3.9.9.275) lib/new_relic/agent/instrumentation/middleware_tracing.rb:57:in `call'
  activerecord (4.0.2) lib/active_record/migration.rb:369:in `call'
  newrelic_rpm (3.9.9.275) lib/new_relic/agent/instrumentation/middleware_tracing.rb:57:in `call'
  actionpack (4.0.2) lib/action_dispatch/middleware/callbacks.rb:29:in `block in call'
  activesupport (4.0.2) lib/active_support/callbacks.rb:373:in `_run__4300062220510717084__call__callbacks'
  activesupport (4.0.2) lib/active_support/callbacks.rb:80:in `run_callbacks'
  actionpack (4.0.2) lib/action_dispatch/middleware/callbacks.rb:27:in `call'
  newrelic_rpm (3.9.9.275) lib/new_relic/agent/instrumentation/middleware_tracing.rb:57:in `call'
  actionpack (4.0.2) lib/action_dispatch/middleware/reloader.rb:64:in `call'
  newrelic_rpm (3.9.9.275) lib/new_relic/agent/instrumentation/middleware_tracing.rb:57:in `call'
  actionpack (4.0.2) lib/action_dispatch/middleware/remote_ip.rb:76:in `call'
  newrelic_rpm (3.9.9.275) lib/new_relic/agent/instrumentation/middleware_tracing.rb:57:in `call'
  better_errors (1.1.0) lib/better_errors/middleware.rb:84:in `protected_app_call'
  better_errors (1.1.0) lib/better_errors/middleware.rb:79:in `better_errors_call'
  better_errors (1.1.0) lib/better_errors/middleware.rb:56:in `call'
  newrelic_rpm (3.9.9.275) lib/new_relic/agent/instrumentation/middleware_tracing.rb:57:in `call'
  actionpack (4.0.2) lib/action_dispatch/middleware/debug_exceptions.rb:17:in `call'
  newrelic_rpm (3.9.9.275) lib/new_relic/agent/instrumentation/middleware_tracing.rb:57:in `call'
  actionpack (4.0.2) lib/action_dispatch/middleware/show_exceptions.rb:30:in `call'
  newrelic_rpm (3.9.9.275) lib/new_relic/agent/instrumentation/middleware_tracing.rb:57:in `call'
  railties (4.0.2) lib/rails/rack/logger.rb:38:in `call_app'
  railties (4.0.2) lib/rails/rack/logger.rb:20:in `block in call'
  activesupport (4.0.2) lib/active_support/tagged_logging.rb:67:in `block in tagged'
  activesupport (4.0.2) lib/active_support/tagged_logging.rb:25:in `tagged'
  activesupport (4.0.2) lib/active_support/tagged_logging.rb:67:in `tagged'
  railties (4.0.2) lib/rails/rack/logger.rb:20:in `call'
  newrelic_rpm (3.9.9.275) lib/new_relic/agent/instrumentation/middleware_tracing.rb:57:in `call'
  actionpack (4.0.2) lib/action_dispatch/middleware/request_id.rb:21:in `call'
  newrelic_rpm (3.9.9.275) lib/new_relic/agent/instrumentation/middleware_tracing.rb:57:in `call'
  rack (1.5.2) lib/rack/methodoverride.rb:21:in `call'
  newrelic_rpm (3.9.9.275) lib/new_relic/agent/instrumentation/middleware_tracing.rb:57:in `call'
  rack (1.5.2) lib/rack/runtime.rb:17:in `call'
  newrelic_rpm (3.9.9.275) lib/new_relic/agent/instrumentation/middleware_tracing.rb:57:in `call'
  activesupport (4.0.2) lib/active_support/cache/strategy/local_cache.rb:83:in `call'
  newrelic_rpm (3.9.9.275) lib/new_relic/agent/instrumentation/middleware_tracing.rb:57:in `call'
  rack (1.5.2) lib/rack/lock.rb:17:in `call'
  newrelic_rpm (3.9.9.275) lib/new_relic/agent/instrumentation/middleware_tracing.rb:57:in `call'
  actionpack (4.0.2) lib/action_dispatch/middleware/static.rb:64:in `call'
  newrelic_rpm (3.9.9.275) lib/new_relic/agent/instrumentation/middleware_tracing.rb:57:in `call'
  rack (1.5.2) lib/rack/sendfile.rb:112:in `call'
  newrelic_rpm (3.9.9.275) lib/new_relic/agent/instrumentation/middleware_tracing.rb:57:in `call'
  railties (4.0.2) lib/rails/engine.rb:511:in `call'
  railties (4.0.2) lib/rails/application.rb:97:in `call'
  newrelic_rpm (3.9.9.275) lib/new_relic/agent/instrumentation/middleware_tracing.rb:57:in `call'
  rack (1.5.2) lib/rack/lock.rb:17:in `call'
  rack (1.5.2) lib/rack/content_length.rb:14:in `call'
  rack (1.5.2) lib/rack/handler/webrick.rb:60:in `service'
  /Users/scottnelson/.rbenv/versions/2.1.2/lib/ruby/2.1.0/webrick/httpserver.rb:138:in `service'
  /Users/scottnelson/.rbenv/versions/2.1.2/lib/ruby/2.1.0/webrick/httpserver.rb:94:in `run'
  /Users/scottnelson/.rbenv/versions/2.1.2/lib/ruby/2.1.0/webrick/server.rb:295:in `block in start_thread'



Started POST "/__better_errors/70124732640840/variables" for 127.0.0.1 at 2015-02-03 21:53:35 -0800


Started GET "/session/new" for 127.0.0.1 at 2015-02-03 21:54:18 -0800
Processing by SessionsController#new as HTML
  Rendered sessions/new.html.erb within layouts/application (0.2ms)
Completed 500 Internal Server Error in 9ms

Sprockets::FileNotFound - couldn't find file 'foundation'
  (in /Users/scottnelson/Desktop/Redly/app/assets/javascripts/application.js:15):
  sprockets (2.12.3) lib/sprockets/context.rb:106:in `resolve'
  sprockets (2.12.3) lib/sprockets/context.rb:146:in `require_asset'
  sprockets (2.12.3) lib/sprockets/directive_processor.rb:217:in `process_require_directive'
  sprockets (2.12.3) lib/sprockets/directive_processor.rb:167:in `block in process_directives'
  sprockets (2.12.3) lib/sprockets/directive_processor.rb:165:in `process_directives'
  sprockets (2.12.3) lib/sprockets/directive_processor.rb:99:in `evaluate'
  tilt (1.4.1) lib/tilt/template.rb:103:in `render'
  sprockets (2.12.3) lib/sprockets/context.rb:197:in `block in evaluate'
  sprockets (2.12.3) lib/sprockets/context.rb:194:in `evaluate'
  sprockets (2.12.3) lib/sprockets/processed_asset.rb:12:in `initialize'
  sprockets (2.12.3) lib/sprockets/base.rb:374:in `block in build_asset'
  sprockets (2.12.3) lib/sprockets/base.rb:395:in `circular_call_protection'
  sprockets (2.12.3) lib/sprockets/base.rb:373:in `build_asset'
  sprockets (2.12.3) lib/sprockets/index.rb:94:in `block in build_asset'
  sprockets (2.12.3) lib/sprockets/caching.rb:58:in `cache_asset'
  sprockets (2.12.3) lib/sprockets/index.rb:93:in `build_asset'
  sprockets (2.12.3) lib/sprockets/base.rb:287:in `find_asset'
  sprockets (2.12.3) lib/sprockets/index.rb:61:in `find_asset'
  sprockets (2.12.3) lib/sprockets/bundled_asset.rb:16:in `initialize'
  sprockets (2.12.3) lib/sprockets/base.rb:377:in `build_asset'
  sprockets (2.12.3) lib/sprockets/index.rb:94:in `block in build_asset'
  sprockets (2.12.3) lib/sprockets/caching.rb:58:in `cache_asset'
  sprockets (2.12.3) lib/sprockets/index.rb:93:in `build_asset'
  sprockets (2.12.3) lib/sprockets/base.rb:287:in `find_asset'
  sprockets (2.12.3) lib/sprockets/index.rb:61:in `find_asset'
  sprockets (2.12.3) lib/sprockets/environment.rb:75:in `find_asset'
  sprockets (2.12.3) lib/sprockets/base.rb:295:in `[]'
  sprockets-rails (2.0.1) lib/sprockets/rails/helper.rb:144:in `lookup_asset_for_path'
  sprockets-rails (2.0.1) lib/sprockets/rails/helper.rb:91:in `block in javascript_include_tag'
  sprockets-rails (2.0.1) lib/sprockets/rails/helper.rb:90:in `javascript_include_tag'
  app/views/layouts/application.html.erb:20:in `_app_views_layouts_application_html_erb___4560453782254863518_70124734245560'
  actionpack (4.0.2) lib/action_view/template.rb:143:in `block in render'
  activesupport (4.0.2) lib/active_support/notifications.rb:159:in `block in instrument'
  activesupport (4.0.2) lib/active_support/notifications/instrumenter.rb:20:in `instrument'
  activesupport (4.0.2) lib/active_support/notifications.rb:159:in `instrument'
  actionpack (4.0.2) lib/action_view/template.rb:141:in `render'
  actionpack (4.0.2) lib/action_view/renderer/template_renderer.rb:61:in `render_with_layout'
  actionpack (4.0.2) lib/action_view/renderer/template_renderer.rb:47:in `render_template'
  actionpack (4.0.2) lib/action_view/renderer/template_renderer.rb:17:in `render'
  actionpack (4.0.2) lib/action_view/renderer/renderer.rb:42:in `render_template'
  actionpack (4.0.2) lib/action_view/renderer/renderer.rb:23:in `render'
  actionpack (4.0.2) lib/abstract_controller/rendering.rb:127:in `_render_template'
  actionpack (4.0.2) lib/action_controller/metal/streaming.rb:219:in `_render_template'
  actionpack (4.0.2) lib/abstract_controller/rendering.rb:120:in `render_to_body'
  actionpack (4.0.2) lib/action_controller/metal/rendering.rb:33:in `render_to_body'
  actionpack (4.0.2) lib/action_controller/metal/renderers.rb:26:in `render_to_body'
  actionpack (4.0.2) lib/abstract_controller/rendering.rb:97:in `render'
  actionpack (4.0.2) lib/action_controller/metal/rendering.rb:16:in `render'
  actionpack (4.0.2) lib/action_controller/metal/instrumentation.rb:41:in `block (2 levels) in render'
  activesupport (4.0.2) lib/active_support/core_ext/benchmark.rb:12:in `block in ms'
  /Users/scottnelson/.rbenv/versions/2.1.2/lib/ruby/2.1.0/benchmark.rb:294:in `realtime'
  activesupport (4.0.2) lib/active_support/core_ext/benchmark.rb:12:in `ms'
  actionpack (4.0.2) lib/action_controller/metal/instrumentation.rb:41:in `block in render'
  actionpack (4.0.2) lib/action_controller/metal/instrumentation.rb:84:in `cleanup_view_runtime'
  activerecord (4.0.2) lib/active_record/railties/controller_runtime.rb:25:in `cleanup_view_runtime'
  actionpack (4.0.2) lib/action_controller/metal/instrumentation.rb:40:in `render'
  actionpack (4.0.2) lib/action_controller/metal/implicit_render.rb:10:in `default_render'
  actionpack (4.0.2) lib/action_controller/metal/implicit_render.rb:5:in `send_action'
  actionpack (4.0.2) lib/abstract_controller/base.rb:189:in `process_action'
  actionpack (4.0.2) lib/action_controller/metal/rendering.rb:10:in `process_action'
  actionpack (4.0.2) lib/abstract_controller/callbacks.rb:18:in `block in process_action'
  activesupport (4.0.2) lib/active_support/callbacks.rb:403:in `_run__3028853748415581480__process_action__callbacks'
  activesupport (4.0.2) lib/active_support/callbacks.rb:80:in `run_callbacks'
  actionpack (4.0.2) lib/abstract_controller/callbacks.rb:17:in `process_action'
  actionpack (4.0.2) lib/action_controller/metal/rescue.rb:29:in `process_action'
  actionpack (4.0.2) lib/action_controller/metal/instrumentation.rb:31:in `block in process_action'
  activesupport (4.0.2) lib/active_support/notifications.rb:159:in `block in instrument'
  activesupport (4.0.2) lib/active_support/notifications/instrumenter.rb:20:in `instrument'
  activesupport (4.0.2) lib/active_support/notifications.rb:159:in `instrument'
  actionpack (4.0.2) lib/action_controller/metal/instrumentation.rb:30:in `process_action'
  actionpack (4.0.2) lib/action_controller/metal/params_wrapper.rb:245:in `process_action'
  activerecord (4.0.2) lib/active_record/railties/controller_runtime.rb:18:in `process_action'
  actionpack (4.0.2) lib/abstract_controller/base.rb:136:in `process'
  actionpack (4.0.2) lib/abstract_controller/rendering.rb:44:in `process'
  actionpack (4.0.2) lib/action_controller/metal.rb:195:in `dispatch'
  actionpack (4.0.2) lib/action_controller/metal/rack_delegation.rb:13:in `dispatch'
  actionpack (4.0.2) lib/action_controller/metal.rb:231:in `block in action'
  actionpack (4.0.2) lib/action_dispatch/routing/route_set.rb:80:in `dispatch'
  actionpack (4.0.2) lib/action_dispatch/routing/route_set.rb:48:in `call'
  actionpack (4.0.2) lib/action_dispatch/journey/router.rb:71:in `block in call'
  actionpack (4.0.2) lib/action_dispatch/journey/router.rb:59:in `call'
  actionpack (4.0.2) lib/action_dispatch/routing/route_set.rb:680:in `call'
  newrelic_rpm (3.9.9.275) lib/new_relic/agent/instrumentation/middleware_tracing.rb:57:in `call'
  newrelic_rpm (3.9.9.275) lib/new_relic/rack/agent_hooks.rb:30:in `traced_call'
  newrelic_rpm (3.9.9.275) lib/new_relic/agent/instrumentation/middleware_tracing.rb:55:in `call'
  newrelic_rpm (3.9.9.275) lib/new_relic/rack/browser_monitoring.rb:23:in `traced_call'
  newrelic_rpm (3.9.9.275) lib/new_relic/agent/instrumentation/middleware_tracing.rb:55:in `call'
  rack (1.5.2) lib/rack/etag.rb:23:in `call'
  newrelic_rpm (3.9.9.275) lib/new_relic/agent/instrumentation/middleware_tracing.rb:57:in `call'
  rack (1.5.2) lib/rack/conditionalget.rb:25:in `call'
  newrelic_rpm (3.9.9.275) lib/new_relic/agent/instrumentation/middleware_tracing.rb:57:in `call'
  rack (1.5.2) lib/rack/head.rb:11:in `call'
  newrelic_rpm (3.9.9.275) lib/new_relic/agent/instrumentation/middleware_tracing.rb:57:in `call'
  actionpack (4.0.2) lib/action_dispatch/middleware/params_parser.rb:27:in `call'
  newrelic_rpm (3.9.9.275) lib/new_relic/agent/instrumentation/middleware_tracing.rb:57:in `call'
  actionpack (4.0.2) lib/action_dispatch/middleware/flash.rb:241:in `call'
  newrelic_rpm (3.9.9.275) lib/new_relic/agent/instrumentation/middleware_tracing.rb:57:in `call'
  rack (1.5.2) lib/rack/session/abstract/id.rb:225:in `context'
  rack (1.5.2) lib/rack/session/abstract/id.rb:220:in `call'
  newrelic_rpm (3.9.9.275) lib/new_relic/agent/instrumentation/middleware_tracing.rb:57:in `call'
  actionpack (4.0.2) lib/action_dispatch/middleware/cookies.rb:486:in `call'
  newrelic_rpm (3.9.9.275) lib/new_relic/agent/instrumentation/middleware_tracing.rb:57:in `call'
  activerecord (4.0.2) lib/active_record/query_cache.rb:36:in `call'
  newrelic_rpm (3.9.9.275) lib/new_relic/agent/instrumentation/middleware_tracing.rb:57:in `call'
  activerecord (4.0.2) lib/active_record/connection_adapters/abstract/connection_pool.rb:626:in `call'
  newrelic_rpm (3.9.9.275) lib/new_relic/agent/instrumentation/middleware_tracing.rb:57:in `call'
  activerecord (4.0.2) lib/active_record/migration.rb:369:in `call'
  newrelic_rpm (3.9.9.275) lib/new_relic/agent/instrumentation/middleware_tracing.rb:57:in `call'
  actionpack (4.0.2) lib/action_dispatch/middleware/callbacks.rb:29:in `block in call'
  activesupport (4.0.2) lib/active_support/callbacks.rb:373:in `_run__4300062220510717084__call__callbacks'
  activesupport (4.0.2) lib/active_support/callbacks.rb:80:in `run_callbacks'
  actionpack (4.0.2) lib/action_dispatch/middleware/callbacks.rb:27:in `call'
  newrelic_rpm (3.9.9.275) lib/new_relic/agent/instrumentation/middleware_tracing.rb:57:in `call'
  actionpack (4.0.2) lib/action_dispatch/middleware/reloader.rb:64:in `call'
  newrelic_rpm (3.9.9.275) lib/new_relic/agent/instrumentation/middleware_tracing.rb:57:in `call'
  actionpack (4.0.2) lib/action_dispatch/middleware/remote_ip.rb:76:in `call'
  newrelic_rpm (3.9.9.275) lib/new_relic/agent/instrumentation/middleware_tracing.rb:57:in `call'
  better_errors (1.1.0) lib/better_errors/middleware.rb:84:in `protected_app_call'
  better_errors (1.1.0) lib/better_errors/middleware.rb:79:in `better_errors_call'
  better_errors (1.1.0) lib/better_errors/middleware.rb:56:in `call'
  newrelic_rpm (3.9.9.275) lib/new_relic/agent/instrumentation/middleware_tracing.rb:57:in `call'
  actionpack (4.0.2) lib/action_dispatch/middleware/debug_exceptions.rb:17:in `call'
  newrelic_rpm (3.9.9.275) lib/new_relic/agent/instrumentation/middleware_tracing.rb:57:in `call'
  actionpack (4.0.2) lib/action_dispatch/middleware/show_exceptions.rb:30:in `call'
  newrelic_rpm (3.9.9.275) lib/new_relic/agent/instrumentation/middleware_tracing.rb:57:in `call'
  railties (4.0.2) lib/rails/rack/logger.rb:38:in `call_app'
  railties (4.0.2) lib/rails/rack/logger.rb:20:in `block in call'
  activesupport (4.0.2) lib/active_support/tagged_logging.rb:67:in `block in tagged'
  activesupport (4.0.2) lib/active_support/tagged_logging.rb:25:in `tagged'
  activesupport (4.0.2) lib/active_support/tagged_logging.rb:67:in `tagged'
  railties (4.0.2) lib/rails/rack/logger.rb:20:in `call'
  newrelic_rpm (3.9.9.275) lib/new_relic/agent/instrumentation/middleware_tracing.rb:57:in `call'
  actionpack (4.0.2) lib/action_dispatch/middleware/request_id.rb:21:in `call'
  newrelic_rpm (3.9.9.275) lib/new_relic/agent/instrumentation/middleware_tracing.rb:57:in `call'
  rack (1.5.2) lib/rack/methodoverride.rb:21:in `call'
  newrelic_rpm (3.9.9.275) lib/new_relic/agent/instrumentation/middleware_tracing.rb:57:in `call'
  rack (1.5.2) lib/rack/runtime.rb:17:in `call'
  newrelic_rpm (3.9.9.275) lib/new_relic/agent/instrumentation/middleware_tracing.rb:57:in `call'
  activesupport (4.0.2) lib/active_support/cache/strategy/local_cache.rb:83:in `call'
  newrelic_rpm (3.9.9.275) lib/new_relic/agent/instrumentation/middleware_tracing.rb:57:in `call'
  rack (1.5.2) lib/rack/lock.rb:17:in `call'
  newrelic_rpm (3.9.9.275) lib/new_relic/agent/instrumentation/middleware_tracing.rb:57:in `call'
  actionpack (4.0.2) lib/action_dispatch/middleware/static.rb:64:in `call'
  newrelic_rpm (3.9.9.275) lib/new_relic/agent/instrumentation/middleware_tracing.rb:57:in `call'
  rack (1.5.2) lib/rack/sendfile.rb:112:in `call'
  newrelic_rpm (3.9.9.275) lib/new_relic/agent/instrumentation/middleware_tracing.rb:57:in `call'
  railties (4.0.2) lib/rails/engine.rb:511:in `call'
  railties (4.0.2) lib/rails/application.rb:97:in `call'
  newrelic_rpm (3.9.9.275) lib/new_relic/agent/instrumentation/middleware_tracing.rb:57:in `call'
  rack (1.5.2) lib/rack/lock.rb:17:in `call'
  rack (1.5.2) lib/rack/content_length.rb:14:in `call'
  rack (1.5.2) lib/rack/handler/webrick.rb:60:in `service'
  /Users/scottnelson/.rbenv/versions/2.1.2/lib/ruby/2.1.0/webrick/httpserver.rb:138:in `service'
  /Users/scottnelson/.rbenv/versions/2.1.2/lib/ruby/2.1.0/webrick/httpserver.rb:94:in `run'
  /Users/scottnelson/.rbenv/versions/2.1.2/lib/ruby/2.1.0/webrick/server.rb:295:in `block in start_thread'



Started POST "/__better_errors/70124703991200/variables" for 127.0.0.1 at 2015-02-03 21:54:18 -0800


Started GET "/session/new" for 127.0.0.1 at 2015-02-03 21:55:44 -0800
Processing by SessionsController#new as HTML
  Rendered sessions/new.html.erb within layouts/application (0.2ms)
Completed 500 Internal Server Error in 16ms

Sass::SyntaxError - File to import not found or unreadable: foundation.
Load paths:
  /Users/scottnelson/Desktop/Redly/app/assets/images
  /Users/scottnelson/Desktop/Redly/app/assets/javascripts
  /Users/scottnelson/Desktop/Redly/app/assets/stylesheets
  /Users/scottnelson/Desktop/Redly/vendor/assets/javascripts
  /Users/scottnelson/Desktop/Redly/vendor/assets/stylesheets
  /Users/scottnelson/.rbenv/versions/2.1.2/lib/ruby/gems/2.1.0/gems/turbolinks-2.5.3/lib/assets/javascripts
  /Users/scottnelson/.rbenv/versions/2.1.2/lib/ruby/gems/2.1.0/gems/jquery-rails-3.1.2/vendor/assets/javascripts
  /Users/scottnelson/.rbenv/versions/2.1.2/lib/ruby/gems/2.1.0/gems/backbone-on-rails-1.1.1.0/vendor/assets/javascripts
  (in /Users/scottnelson/Desktop/Redly/app/assets/stylesheets/foundation_and_overrides.scss:1327):
  sass (3.2.19) lib/sass/tree/import_node.rb:67:in `rescue in import'
  sass (3.2.19) lib/sass/tree/import_node.rb:45:in `import'
  sass (3.2.19) lib/sass/tree/import_node.rb:28:in `imported_file'
  sass (3.2.19) lib/sass/tree/import_node.rb:37:in `css_import?'
  sass (3.2.19) lib/sass/tree/visitors/perform.rb:217:in `visit_import'
  sass (3.2.19) lib/sass/tree/visitors/base.rb:37:in `visit'
  sass (3.2.19) lib/sass/tree/visitors/perform.rb:100:in `visit'
  sass (3.2.19) lib/sass/tree/visitors/base.rb:53:in `block in visit_children'
  sass (3.2.19) lib/sass/tree/visitors/base.rb:53:in `visit_children'
  sass (3.2.19) lib/sass/tree/visitors/perform.rb:109:in `block in visit_children'
  sass (3.2.19) lib/sass/tree/visitors/perform.rb:121:in `with_environment'
  sass (3.2.19) lib/sass/tree/visitors/perform.rb:108:in `visit_children'
  sass (3.2.19) lib/sass/tree/visitors/base.rb:37:in `block in visit'
  sass (3.2.19) lib/sass/tree/visitors/perform.rb:128:in `visit_root'
  sass (3.2.19) lib/sass/tree/visitors/base.rb:37:in `visit'
  sass (3.2.19) lib/sass/tree/visitors/perform.rb:100:in `visit'
  sass (3.2.19) lib/sass/tree/visitors/perform.rb:7:in `visit'
  sass (3.2.19) lib/sass/tree/root_node.rb:20:in `render'
  sass (3.2.19) lib/sass/engine.rb:315:in `_render'
  sass (3.2.19) lib/sass/engine.rb:262:in `render'
  sass-rails (4.0.5) lib/sass/rails/template.rb:22:in `evaluate'
  tilt (1.4.1) lib/tilt/template.rb:103:in `render'
  sprockets (2.12.3) lib/sprockets/context.rb:197:in `block in evaluate'
  sprockets (2.12.3) lib/sprockets/context.rb:194:in `evaluate'
  sprockets (2.12.3) lib/sprockets/processed_asset.rb:12:in `initialize'
  sprockets (2.12.3) lib/sprockets/base.rb:374:in `block in build_asset'
  sprockets (2.12.3) lib/sprockets/base.rb:395:in `circular_call_protection'
  sprockets (2.12.3) lib/sprockets/base.rb:373:in `build_asset'
  sprockets (2.12.3) lib/sprockets/index.rb:94:in `block in build_asset'
  sprockets (2.12.3) lib/sprockets/caching.rb:58:in `cache_asset'
  sprockets (2.12.3) lib/sprockets/index.rb:93:in `build_asset'
  sprockets (2.12.3) lib/sprockets/base.rb:287:in `find_asset'
  sprockets (2.12.3) lib/sprockets/index.rb:61:in `find_asset'
  sprockets (2.12.3) lib/sprockets/processed_asset.rb:111:in `block in resolve_dependencies'
  sprockets (2.12.3) lib/sprockets/processed_asset.rb:105:in `resolve_dependencies'
  sprockets (2.12.3) lib/sprockets/processed_asset.rb:97:in `build_required_assets'
  sprockets (2.12.3) lib/sprockets/processed_asset.rb:16:in `initialize'
  sprockets (2.12.3) lib/sprockets/base.rb:374:in `block in build_asset'
  sprockets (2.12.3) lib/sprockets/base.rb:395:in `circular_call_protection'
  sprockets (2.12.3) lib/sprockets/base.rb:373:in `build_asset'
  sprockets (2.12.3) lib/sprockets/index.rb:94:in `block in build_asset'
  sprockets (2.12.3) lib/sprockets/caching.rb:58:in `cache_asset'
  sprockets (2.12.3) lib/sprockets/index.rb:93:in `build_asset'
  sprockets (2.12.3) lib/sprockets/base.rb:287:in `find_asset'
  sprockets (2.12.3) lib/sprockets/index.rb:61:in `find_asset'
  sprockets (2.12.3) lib/sprockets/bundled_asset.rb:16:in `initialize'
  sprockets (2.12.3) lib/sprockets/base.rb:377:in `build_asset'
  sprockets (2.12.3) lib/sprockets/index.rb:94:in `block in build_asset'
  sprockets (2.12.3) lib/sprockets/caching.rb:58:in `cache_asset'
  sprockets (2.12.3) lib/sprockets/index.rb:93:in `build_asset'
  sprockets (2.12.3) lib/sprockets/base.rb:287:in `find_asset'
  sprockets (2.12.3) lib/sprockets/index.rb:61:in `find_asset'
  sprockets (2.12.3) lib/sprockets/environment.rb:75:in `find_asset'
  sprockets (2.12.3) lib/sprockets/base.rb:295:in `[]'
  sprockets-rails (2.0.1) lib/sprockets/rails/helper.rb:144:in `lookup_asset_for_path'
  sprockets-rails (2.0.1) lib/sprockets/rails/helper.rb:113:in `block in stylesheet_link_tag'
  sprockets-rails (2.0.1) lib/sprockets/rails/helper.rb:112:in `stylesheet_link_tag'
  app/views/layouts/application.html.erb:5:in `_app_views_layouts_application_html_erb___4560453782254863518_70124735119080'
  actionpack (4.0.2) lib/action_view/template.rb:143:in `block in render'
  activesupport (4.0.2) lib/active_support/notifications.rb:159:in `block in instrument'
  activesupport (4.0.2) lib/active_support/notifications/instrumenter.rb:20:in `instrument'
  activesupport (4.0.2) lib/active_support/notifications.rb:159:in `instrument'
  actionpack (4.0.2) lib/action_view/template.rb:141:in `render'
  actionpack (4.0.2) lib/action_view/renderer/template_renderer.rb:61:in `render_with_layout'
  actionpack (4.0.2) lib/action_view/renderer/template_renderer.rb:47:in `render_template'
  actionpack (4.0.2) lib/action_view/renderer/template_renderer.rb:17:in `render'
  actionpack (4.0.2) lib/action_view/renderer/renderer.rb:42:in `render_template'
  actionpack (4.0.2) lib/action_view/renderer/renderer.rb:23:in `render'
  actionpack (4.0.2) lib/abstract_controller/rendering.rb:127:in `_render_template'
  actionpack (4.0.2) lib/action_controller/metal/streaming.rb:219:in `_render_template'
  actionpack (4.0.2) lib/abstract_controller/rendering.rb:120:in `render_to_body'
  actionpack (4.0.2) lib/action_controller/metal/rendering.rb:33:in `render_to_body'
  actionpack (4.0.2) lib/action_controller/metal/renderers.rb:26:in `render_to_body'
  actionpack (4.0.2) lib/abstract_controller/rendering.rb:97:in `render'
  actionpack (4.0.2) lib/action_controller/metal/rendering.rb:16:in `render'
  actionpack (4.0.2) lib/action_controller/metal/instrumentation.rb:41:in `block (2 levels) in render'
  activesupport (4.0.2) lib/active_support/core_ext/benchmark.rb:12:in `block in ms'
  /Users/scottnelson/.rbenv/versions/2.1.2/lib/ruby/2.1.0/benchmark.rb:294:in `realtime'
  activesupport (4.0.2) lib/active_support/core_ext/benchmark.rb:12:in `ms'
  actionpack (4.0.2) lib/action_controller/metal/instrumentation.rb:41:in `block in render'
  actionpack (4.0.2) lib/action_controller/metal/instrumentation.rb:84:in `cleanup_view_runtime'
  activerecord (4.0.2) lib/active_record/railties/controller_runtime.rb:25:in `cleanup_view_runtime'
  actionpack (4.0.2) lib/action_controller/metal/instrumentation.rb:40:in `render'
  actionpack (4.0.2) lib/action_controller/metal/implicit_render.rb:10:in `default_render'
  actionpack (4.0.2) lib/action_controller/metal/implicit_render.rb:5:in `send_action'
  actionpack (4.0.2) lib/abstract_controller/base.rb:189:in `process_action'
  actionpack (4.0.2) lib/action_controller/metal/rendering.rb:10:in `process_action'
  actionpack (4.0.2) lib/abstract_controller/callbacks.rb:18:in `block in process_action'
  activesupport (4.0.2) lib/active_support/callbacks.rb:403:in `_run__3028853748415581480__process_action__callbacks'
  activesupport (4.0.2) lib/active_support/callbacks.rb:80:in `run_callbacks'
  actionpack (4.0.2) lib/abstract_controller/callbacks.rb:17:in `process_action'
  actionpack (4.0.2) lib/action_controller/metal/rescue.rb:29:in `process_action'
  actionpack (4.0.2) lib/action_controller/metal/instrumentation.rb:31:in `block in process_action'
  activesupport (4.0.2) lib/active_support/notifications.rb:159:in `block in instrument'
  activesupport (4.0.2) lib/active_support/notifications/instrumenter.rb:20:in `instrument'
  activesupport (4.0.2) lib/active_support/notifications.rb:159:in `instrument'
  actionpack (4.0.2) lib/action_controller/metal/instrumentation.rb:30:in `process_action'
  actionpack (4.0.2) lib/action_controller/metal/params_wrapper.rb:245:in `process_action'
  activerecord (4.0.2) lib/active_record/railties/controller_runtime.rb:18:in `process_action'
  actionpack (4.0.2) lib/abstract_controller/base.rb:136:in `process'
  actionpack (4.0.2) lib/abstract_controller/rendering.rb:44:in `process'
  actionpack (4.0.2) lib/action_controller/metal.rb:195:in `dispatch'
  actionpack (4.0.2) lib/action_controller/metal/rack_delegation.rb:13:in `dispatch'
  actionpack (4.0.2) lib/action_controller/metal.rb:231:in `block in action'
  actionpack (4.0.2) lib/action_dispatch/routing/route_set.rb:80:in `dispatch'
  actionpack (4.0.2) lib/action_dispatch/routing/route_set.rb:48:in `call'
  actionpack (4.0.2) lib/action_dispatch/journey/router.rb:71:in `block in call'
  actionpack (4.0.2) lib/action_dispatch/journey/router.rb:59:in `call'
  actionpack (4.0.2) lib/action_dispatch/routing/route_set.rb:680:in `call'
  newrelic_rpm (3.9.9.275) lib/new_relic/agent/instrumentation/middleware_tracing.rb:57:in `call'
  newrelic_rpm (3.9.9.275) lib/new_relic/rack/agent_hooks.rb:30:in `traced_call'
  newrelic_rpm (3.9.9.275) lib/new_relic/agent/instrumentation/middleware_tracing.rb:55:in `call'
  newrelic_rpm (3.9.9.275) lib/new_relic/rack/browser_monitoring.rb:23:in `traced_call'
  newrelic_rpm (3.9.9.275) lib/new_relic/agent/instrumentation/middleware_tracing.rb:55:in `call'
  rack (1.5.2) lib/rack/etag.rb:23:in `call'
  newrelic_rpm (3.9.9.275) lib/new_relic/agent/instrumentation/middleware_tracing.rb:57:in `call'
  rack (1.5.2) lib/rack/conditionalget.rb:25:in `call'
  newrelic_rpm (3.9.9.275) lib/new_relic/agent/instrumentation/middleware_tracing.rb:57:in `call'
  rack (1.5.2) lib/rack/head.rb:11:in `call'
  newrelic_rpm (3.9.9.275) lib/new_relic/agent/instrumentation/middleware_tracing.rb:57:in `call'
  actionpack (4.0.2) lib/action_dispatch/middleware/params_parser.rb:27:in `call'
  newrelic_rpm (3.9.9.275) lib/new_relic/agent/instrumentation/middleware_tracing.rb:57:in `call'
  actionpack (4.0.2) lib/action_dispatch/middleware/flash.rb:241:in `call'
  newrelic_rpm (3.9.9.275) lib/new_relic/agent/instrumentation/middleware_tracing.rb:57:in `call'
  rack (1.5.2) lib/rack/session/abstract/id.rb:225:in `context'
  rack (1.5.2) lib/rack/session/abstract/id.rb:220:in `call'
  newrelic_rpm (3.9.9.275) lib/new_relic/agent/instrumentation/middleware_tracing.rb:57:in `call'
  actionpack (4.0.2) lib/action_dispatch/middleware/cookies.rb:486:in `call'
  newrelic_rpm (3.9.9.275) lib/new_relic/agent/instrumentation/middleware_tracing.rb:57:in `call'
  activerecord (4.0.2) lib/active_record/query_cache.rb:36:in `call'
  newrelic_rpm (3.9.9.275) lib/new_relic/agent/instrumentation/middleware_tracing.rb:57:in `call'
  activerecord (4.0.2) lib/active_record/connection_adapters/abstract/connection_pool.rb:626:in `call'
  newrelic_rpm (3.9.9.275) lib/new_relic/agent/instrumentation/middleware_tracing.rb:57:in `call'
  activerecord (4.0.2) lib/active_record/migration.rb:369:in `call'
  newrelic_rpm (3.9.9.275) lib/new_relic/agent/instrumentation/middleware_tracing.rb:57:in `call'
  actionpack (4.0.2) lib/action_dispatch/middleware/callbacks.rb:29:in `block in call'
  activesupport (4.0.2) lib/active_support/callbacks.rb:373:in `_run__4300062220510717084__call__callbacks'
  activesupport (4.0.2) lib/active_support/callbacks.rb:80:in `run_callbacks'
  actionpack (4.0.2) lib/action_dispatch/middleware/callbacks.rb:27:in `call'
  newrelic_rpm (3.9.9.275) lib/new_relic/agent/instrumentation/middleware_tracing.rb:57:in `call'
  actionpack (4.0.2) lib/action_dispatch/middleware/reloader.rb:64:in `call'
  newrelic_rpm (3.9.9.275) lib/new_relic/agent/instrumentation/middleware_tracing.rb:57:in `call'
  actionpack (4.0.2) lib/action_dispatch/middleware/remote_ip.rb:76:in `call'
  newrelic_rpm (3.9.9.275) lib/new_relic/agent/instrumentation/middleware_tracing.rb:57:in `call'
  better_errors (1.1.0) lib/better_errors/middleware.rb:84:in `protected_app_call'
  better_errors (1.1.0) lib/better_errors/middleware.rb:79:in `better_errors_call'
  better_errors (1.1.0) lib/better_errors/middleware.rb:56:in `call'
  newrelic_rpm (3.9.9.275) lib/new_relic/agent/instrumentation/middleware_tracing.rb:57:in `call'
  actionpack (4.0.2) lib/action_dispatch/middleware/debug_exceptions.rb:17:in `call'
  newrelic_rpm (3.9.9.275) lib/new_relic/agent/instrumentation/middleware_tracing.rb:57:in `call'
  actionpack (4.0.2) lib/action_dispatch/middleware/show_exceptions.rb:30:in `call'
  newrelic_rpm (3.9.9.275) lib/new_relic/agent/instrumentation/middleware_tracing.rb:57:in `call'
  railties (4.0.2) lib/rails/rack/logger.rb:38:in `call_app'
  railties (4.0.2) lib/rails/rack/logger.rb:20:in `block in call'
  activesupport (4.0.2) lib/active_support/tagged_logging.rb:67:in `block in tagged'
  activesupport (4.0.2) lib/active_support/tagged_logging.rb:25:in `tagged'
  activesupport (4.0.2) lib/active_support/tagged_logging.rb:67:in `tagged'
  railties (4.0.2) lib/rails/rack/logger.rb:20:in `call'
  newrelic_rpm (3.9.9.275) lib/new_relic/agent/instrumentation/middleware_tracing.rb:57:in `call'
  actionpack (4.0.2) lib/action_dispatch/middleware/request_id.rb:21:in `call'
  newrelic_rpm (3.9.9.275) lib/new_relic/agent/instrumentation/middleware_tracing.rb:57:in `call'
  rack (1.5.2) lib/rack/methodoverride.rb:21:in `call'
  newrelic_rpm (3.9.9.275) lib/new_relic/agent/instrumentation/middleware_tracing.rb:57:in `call'
  rack (1.5.2) lib/rack/runtime.rb:17:in `call'
  newrelic_rpm (3.9.9.275) lib/new_relic/agent/instrumentation/middleware_tracing.rb:57:in `call'
  activesupport (4.0.2) lib/active_support/cache/strategy/local_cache.rb:83:in `call'
  newrelic_rpm (3.9.9.275) lib/new_relic/agent/instrumentation/middleware_tracing.rb:57:in `call'
  rack (1.5.2) lib/rack/lock.rb:17:in `call'
  newrelic_rpm (3.9.9.275) lib/new_relic/agent/instrumentation/middleware_tracing.rb:57:in `call'
  actionpack (4.0.2) lib/action_dispatch/middleware/static.rb:64:in `call'
  newrelic_rpm (3.9.9.275) lib/new_relic/agent/instrumentation/middleware_tracing.rb:57:in `call'
  rack (1.5.2) lib/rack/sendfile.rb:112:in `call'
  newrelic_rpm (3.9.9.275) lib/new_relic/agent/instrumentation/middleware_tracing.rb:57:in `call'
  railties (4.0.2) lib/rails/engine.rb:511:in `call'
  railties (4.0.2) lib/rails/application.rb:97:in `call'
  newrelic_rpm (3.9.9.275) lib/new_relic/agent/instrumentation/middleware_tracing.rb:57:in `call'
  rack (1.5.2) lib/rack/lock.rb:17:in `call'
  rack (1.5.2) lib/rack/content_length.rb:14:in `call'
  rack (1.5.2) lib/rack/handler/webrick.rb:60:in `service'
  /Users/scottnelson/.rbenv/versions/2.1.2/lib/ruby/2.1.0/webrick/httpserver.rb:138:in `service'
  /Users/scottnelson/.rbenv/versions/2.1.2/lib/ruby/2.1.0/webrick/httpserver.rb:94:in `run'
  /Users/scottnelson/.rbenv/versions/2.1.2/lib/ruby/2.1.0/webrick/server.rb:295:in `block in start_thread'



Started POST "/__better_errors/70124736090300/variables" for 127.0.0.1 at 2015-02-03 21:55:44 -0800


Started GET "/session/new" for 127.0.0.1 at 2015-02-03 22:04:02 -0800
  [1m[36mActiveRecord::SchemaMigration Load (0.4ms)[0m  [1mSELECT "schema_migrations".* FROM "schema_migrations"[0m
Processing by SessionsController#new as HTML
  Rendered sessions/new.html.erb within layouts/application (1.2ms)
Completed 200 OK in 456ms (Views: 434.6ms | ActiveRecord: 2.0ms)


Started GET "/assets/application.css?body=1" for 127.0.0.1 at 2015-02-03 22:04:02 -0800


Started GET "/assets/jquery.js?body=1" for 127.0.0.1 at 2015-02-03 22:04:02 -0800


Started GET "/assets/jquery_ujs.js?body=1" for 127.0.0.1 at 2015-02-03 22:04:02 -0800


Started GET "/assets/turbolinks.js?body=1" for 127.0.0.1 at 2015-02-03 22:04:02 -0800


Started GET "/assets/underscore.js?body=1" for 127.0.0.1 at 2015-02-03 22:04:02 -0800


Started GET "/assets/backbone.js?body=1" for 127.0.0.1 at 2015-02-03 22:04:02 -0800


Started GET "/assets/redly.js?body=1" for 127.0.0.1 at 2015-02-03 22:04:02 -0800


Started GET "/assets/routers/router.js?body=1" for 127.0.0.1 at 2015-02-03 22:04:02 -0800


Started GET "/assets/application.js?body=1" for 127.0.0.1 at 2015-02-03 22:04:02 -0800
  [1m[36mUser Load (1.3ms)[0m  [1mSELECT "users".* FROM "users"[0m
  [1m[35m (0.5ms)[0m  SELECT "users"."user_name" FROM "users"
  [1m[36m (0.5ms)[0m  [1mSELECT "users"."user_name", "users"."email" FROM "users"[0m
  [1m[35m (0.5ms)[0m  SELECT "users"."user_name", "users"."email" FROM "users"


Started POST "/session" for 127.0.0.1 at 2015-02-03 22:05:58 -0800
Processing by SessionsController#create as HTML
  Parameters: {"authenticity_token"=>"YDYWScMS42TaZh+ifs5aLMZzbqG0fQEqAMJ7lkNLXFs=", "user"=>{"user_name"=>"Scott", "password"=>"[FILTERED]"}}
  [1m[35mUser Load (1.1ms)[0m  SELECT "users".* FROM "users" WHERE "users"."user_name" = 'Scott' LIMIT 1
  [1m[36m (0.2ms)[0m  [1mBEGIN[0m
  [1m[35mUser Exists (0.6ms)[0m  SELECT 1 AS one FROM "users" WHERE ("users"."user_name" = 'Scott' AND "users"."id" != 1) LIMIT 1
  [1m[36mSQL (3.3ms)[0m  [1mUPDATE "users" SET "session_token" = $1, "updated_at" = $2 WHERE "users"."id" = 1[0m  [["session_token", "dhoZKKosXZ6gkxjNI_eX4npAWhve7LB7n4PkAkQLLao"], ["updated_at", Wed, 04 Feb 2015 06:05:58 UTC +00:00]]
  [1m[35m (60.0ms)[0m  COMMIT
Redirected to http://localhost:3000/
Completed 302 Found in 150ms (ActiveRecord: 65.2ms)


Started GET "/" for 127.0.0.1 at 2015-02-03 22:05:58 -0800
Processing by StaticPagesController#home as HTML
  [1m[36mUser Load (0.5ms)[0m  [1mSELECT "users".* FROM "users" WHERE "users"."session_token" = 'dhoZKKosXZ6gkxjNI_eX4npAWhve7LB7n4PkAkQLLao' LIMIT 1[0m
  Rendered static_pages/home.html.erb within layouts/application (0.4ms)
Completed 200 OK in 7ms (Views: 4.2ms | ActiveRecord: 0.5ms)


Started GET "/assets/application.css?body=1" for 127.0.0.1 at 2015-02-03 22:05:58 -0800


Started GET "/assets/turbolinks.js?body=1" for 127.0.0.1 at 2015-02-03 22:05:58 -0800


Started GET "/assets/underscore.js?body=1" for 127.0.0.1 at 2015-02-03 22:05:58 -0800


Started GET "/assets/jquery_ujs.js?body=1" for 127.0.0.1 at 2015-02-03 22:05:58 -0800


Started GET "/assets/jquery.js?body=1" for 127.0.0.1 at 2015-02-03 22:05:58 -0800


Started GET "/assets/redly.js?body=1" for 127.0.0.1 at 2015-02-03 22:05:58 -0800


Started GET "/assets/backbone.js?body=1" for 127.0.0.1 at 2015-02-03 22:05:58 -0800


Started GET "/assets/routers/router.js?body=1" for 127.0.0.1 at 2015-02-03 22:05:58 -0800


Started GET "/assets/application.js?body=1" for 127.0.0.1 at 2015-02-03 22:05:58 -0800
